#
# A fatal error has been detected by the Java Runtime Environment:
#
#  EXCEPTION_ACCESS_VIOLATION (0xc0000005) at pc=0x0000000029f11066, pid=16512, tid=16136
#
# JRE version: Java(TM) SE Runtime Environment (8.0_51-b16) (build 1.8.0_51-b16)
# Java VM: Java HotSpot(TM) 64-Bit Server VM (25.51-b03 mixed mode windows-amd64 compressed oops)
# Problematic frame:
# C  [OpenAL64.dll+0x11066]
#
# Failed to write core dump. Minidumps are not enabled by default on client versions of Windows
#
# If you would like to submit a bug report, please visit:
#   http://bugreport.java.com/bugreport/crash.jsp
# The crash happened outside the Java Virtual Machine in native code.
# See problematic frame for where to report the bug.
#

---------------  T H R E A D  ---------------

Current thread (0x0000000038a30800):  JavaThread "Thread-14" [_thread_in_native, id=16136, stack(0x000000003a7f0000,0x000000003a8f0000)]

siginfo: ExceptionCode=0xc0000005, reading address 0x0000000033bf5004

Registers:
RAX=0x0000000000000004, RBX=0x0000000045f20090, RCX=0x0000000033bf5008, RDX=0x0000000033bf5004
RSP=0x000000003a8eed90, RBP=0x00000000000000ff, RSI=0x0000000033bec64c, RDI=0x0000000000000000
R8 =0x000000000000226e, R9 =0x0000000033bec64c, R10=0x0000000002fc57c8, R11=0x0000000075837bb0
R12=0x0000000000000001, R13=0x0000000045c286c8, R14=0x000000003a8eef28, R15=0x0000000038a30800
RIP=0x0000000029f11066, EFLAGS=0x0000000000010202

Top of Stack: (sp=0x000000003a8eed90)
0x000000003a8eed90:   0000000000000000 00000000756db52b
0x000000003a8eeda0:   0000000038a30800 0000000038a30800
0x000000003a8eedb0:   0000000045c286c8 0000000000000000
0x000000003a8eedc0:   0000000038a30800 0000000033beb580
0x000000003a8eedd0:   0000000045c286c8 000000003a8eef28
0x000000003a8eede0:   0000000035c7c4b0 00000000756c9836
0x000000003a8eedf0:   000000003a8ef598 00000000325fc900
0x000000003a8eee00:   0000000038a30800 000000003a8eef28
0x000000003a8eee10:   0000000045c286c8 0000000000000000
0x000000003a8eee20:   0000000033bec64c 0000000640f39cc8
0x000000003a8eee30:   000000003a8eeef0 0000000029f1248f
0x000000003a8eee40:   0000000045f20090 0000000045f20090
0x000000003a8eee50:   000000000000ac44 0000000600000004
0x000000003a8eee60:   0000000000000010 0000000002fc57f4
0x000000003a8eee70:   0000000045c286c8 0000000002fc555d
0x000000003a8eee80:   0000000038a30800 0000000045c286c8 

Instructions: (pc=0x0000000029f11066)
0x0000000029f11046:   41 2b ec 81 3a 03 00 02 00 75 09 8b 01 89 84 24
0x0000000029f11056:   c8 00 00 00 49 83 c0 02 48 83 c1 08 4a 8d 14 86
0x0000000029f11066:   39 3a 75 af 4c 8d 84 24 c0 00 00 00 48 8d 15 d7
0x0000000029f11076:   2b 03 00 33 c9 e8 58 5f 00 00 b8 40 1f 00 00 4c 


Register to memory mapping:

RAX=0x0000000000000004 is an unknown value
RBX=0x0000000045f20090 is an unknown value
RCX=0x0000000033bf5008 is an unknown value
RDX=0x0000000033bf5004 is an unknown value
RSP=0x000000003a8eed90 is pointing into the stack for thread: 0x0000000038a30800
RBP=0x00000000000000ff is an unknown value
RSI=0x0000000033bec64c is an unknown value
RDI=0x0000000000000000 is an unknown value
R8 =0x000000000000226e is an unknown value
R9 =0x0000000033bec64c is an unknown value
R10=0x0000000002fc57c8 is at code_begin+840 in an Interpreter codelet
method entry point (kind = native)  [0x0000000002fc5480, 0x0000000002fc5de0]  2400 bytes
R11=0x0000000075837bb0 is an unknown value
R12=0x0000000000000001 is an unknown value
R13={method} {0x0000000045c286d0} 'nalcCreateContext' '(JJ)J' in 'org/lwjgl/openal/ALC10'
R14=0x000000003a8eef28 is pointing into the stack for thread: 0x0000000038a30800
R15=0x0000000038a30800 is a thread


Stack: [0x000000003a7f0000,0x000000003a8f0000],  sp=0x000000003a8eed90,  free space=1019k
Native frames: (J=compiled Java code, j=interpreted, Vv=VM code, C=native code)
C  [OpenAL64.dll+0x11066]
C  [OpenAL64.dll+0x1248f]
C  0x0000000002fc57f4

Java frames: (J=compiled Java code, j=interpreted, Vv=VM code)
j  org.lwjgl.openal.ALC10.nalcCreateContext(JJ)J+0
j  org.lwjgl.openal.ALC10.alcCreateContext(Lorg/lwjgl/openal/ALCdevice;Ljava/nio/IntBuffer;)Lorg/lwjgl/openal/ALCcontext;+8
j  org.lwjgl.openal.AL.init(Ljava/lang/String;IIZZ)V+69
j  org.lwjgl.openal.AL.create(Ljava/lang/String;IIZZ)V+227
j  org.lwjgl.openal.AL.create(Ljava/lang/String;IIZ)V+5
j  org.lwjgl.openal.AL.create()V+6
j  paulscode.sound.libraries.LibraryLWJGLOpenAL.init()V+2
j  paulscode.sound.SoundSystem.CommandNewLibrary(Ljava/lang/Class;)V+273
j  paulscode.sound.SoundSystem.CommandQueue(Lpaulscode/sound/CommandObject;)Z+1206
j  paulscode.sound.CommandThread.run()V+51
v  ~StubRoutines::call_stub

---------------  P R O C E S S  ---------------

Java Threads: ( => current thread )
  0x0000000038a32800 JavaThread "Thread-15" [_thread_blocked, id=9796, stack(0x0000000042770000,0x0000000042870000)]
=>0x0000000038a30800 JavaThread "Thread-14" [_thread_in_native, id=16136, stack(0x000000003a7f0000,0x000000003a8f0000)]
  0x0000000034dad000 JavaThread "Sound Library Loader" [_thread_blocked, id=11076, stack(0x000000003e400000,0x000000003e500000)]
  0x0000000034dab800 JavaThread "Dynamic Mount Update Thread" [_thread_in_native, id=14212, stack(0x0000000038c50000,0x0000000038d50000)]
  0x0000000034daa800 JavaThread "Keep-Alive-Timer" daemon [_thread_blocked, id=17776, stack(0x0000000029dc0000,0x0000000029ec0000)]
  0x0000000023533800 JavaThread "Keep-Alive-SocketCleaner" daemon [_thread_blocked, id=21816, stack(0x0000000029cc0000,0x0000000029dc0000)]
  0x0000000023534800 JavaThread "Thread-7" [_thread_blocked, id=19216, stack(0x0000000029690000,0x0000000029790000)]
  0x000000002708a000 JavaThread "Timer hack thread" daemon [_thread_blocked, id=9644, stack(0x00000000290c0000,0x00000000291c0000)]
  0x00000000262cb000 JavaThread "Snooper Timer" daemon [_thread_blocked, id=21028, stack(0x0000000029520000,0x0000000029620000)]
  0x0000000026d53800 JavaThread "AWT-Windows" daemon [_thread_in_native, id=15652, stack(0x0000000028bf0000,0x0000000028cf0000)]
  0x0000000026d52000 JavaThread "Java2D Disposer" daemon [_thread_blocked, id=3668, stack(0x00000000289f0000,0x0000000028af0000)]
  0x00000000235cf800 JavaThread "Service Thread" daemon [_thread_blocked, id=11500, stack(0x0000000025c20000,0x0000000025d20000)]
  0x0000000023537800 JavaThread "C1 CompilerThread11" daemon [_thread_blocked, id=13136, stack(0x0000000025b20000,0x0000000025c20000)]
  0x0000000023536800 JavaThread "C1 CompilerThread10" daemon [_thread_blocked, id=14404, stack(0x0000000025a20000,0x0000000025b20000)]
  0x0000000023535000 JavaThread "C1 CompilerThread9" daemon [_thread_blocked, id=16220, stack(0x0000000025920000,0x0000000025a20000)]
  0x0000000023536000 JavaThread "C1 CompilerThread8" daemon [_thread_blocked, id=4040, stack(0x0000000025820000,0x0000000025920000)]
  0x0000000023532000 JavaThread "C2 CompilerThread7" daemon [_thread_blocked, id=14188, stack(0x0000000025720000,0x0000000025820000)]
  0x0000000023539000 JavaThread "C2 CompilerThread6" daemon [_thread_blocked, id=17704, stack(0x0000000025620000,0x0000000025720000)]
  0x0000000023529800 JavaThread "C2 CompilerThread5" daemon [_thread_blocked, id=15148, stack(0x0000000025520000,0x0000000025620000)]
  0x00000000234f4800 JavaThread "C2 CompilerThread4" daemon [_thread_in_native, id=9848, stack(0x0000000025420000,0x0000000025520000)]
  0x00000000234eb800 JavaThread "C2 CompilerThread3" daemon [_thread_blocked, id=19012, stack(0x0000000025320000,0x0000000025420000)]
  0x00000000234e8800 JavaThread "C2 CompilerThread2" daemon [_thread_blocked, id=9032, stack(0x0000000025220000,0x0000000025320000)]
  0x00000000234e4000 JavaThread "C2 CompilerThread1" daemon [_thread_blocked, id=16148, stack(0x0000000025120000,0x0000000025220000)]
  0x00000000234e2800 JavaThread "C2 CompilerThread0" daemon [_thread_blocked, id=5968, stack(0x0000000025020000,0x0000000025120000)]
  0x00000000234e1000 JavaThread "Attach Listener" daemon [_thread_blocked, id=16068, stack(0x0000000024f20000,0x0000000025020000)]
  0x00000000234de000 JavaThread "Signal Dispatcher" daemon [_thread_blocked, id=5392, stack(0x0000000024e20000,0x0000000024f20000)]
  0x0000000021a76000 JavaThread "Finalizer" daemon [_thread_blocked, id=14964, stack(0x0000000024d20000,0x0000000024e20000)]
  0x0000000021a6b800 JavaThread "Reference Handler" daemon [_thread_blocked, id=15612, stack(0x0000000024c20000,0x0000000024d20000)]
  0x0000000002eb3800 JavaThread "Client thread" [_thread_in_native, id=20904, stack(0x0000000002db0000,0x0000000002eb0000)]

Other Threads:
  0x00000000234a4000 VMThread [stack: 0x0000000024b20000,0x0000000024c20000] [id=9860]
  0x00000000235d0800 WatcherThread [stack: 0x0000000025d20000,0x0000000025e20000] [id=20812]

VM state:not at safepoint (normal execution)

VM Mutex/Monitor currently owned by a thread: None

Heap:
 PSYoungGen      total 1919488K, used 725041K [0x0000000740000000, 0x00000007c0000000, 0x00000007c0000000)
  eden space 1757184K, 38% used [0x0000000740000000,0x00000007699d7dd8,0x00000007ab400000)
  from space 162304K, 26% used [0x00000007b6180000,0x00000007b8bb4688,0x00000007c0000000)
  to   space 169984K, 0% used [0x00000007ab400000,0x00000007ab400000,0x00000007b5a00000)
 ParOldGen       total 670720K, used 377816K [0x0000000640000000, 0x0000000668f00000, 0x0000000740000000)
  object space 670720K, 56% used [0x0000000640000000,0x00000006570f6010,0x0000000668f00000)
 Metaspace       used 125027K, capacity 125657K, committed 126696K, reserved 1155072K
  class space    used 20633K, capacity 20850K, committed 20968K, reserved 1048576K

Card table byte_map: [0x0000000012370000,0x0000000012f80000] byte_map_base: 0x000000000f170000

Marking Bits: (ParMarkBitMap*) 0x0000000075e14040
 Begin Bits: [0x0000000014480000, 0x000000001a480000)
 End Bits:   [0x000000001a480000, 0x0000000020480000)

Polling page: 0x00000000014c0000

CodeCache: size=245760Kb used=30210Kb max_used=30236Kb free=215549Kb
 bounds [0x0000000002fb0000, 0x0000000004d70000, 0x0000000011fb0000]
 total_blobs=8345 nmethods=7166 adapters=1088
 compilation: enabled

Compilation events (10 events):
Event: 37.885 Thread 0x0000000023535000 nmethod 9873 0x0000000004d2cc50 code [0x0000000004d2cdc0, 0x0000000004d2cfe8]
Event: 37.922 Thread 0x0000000023536000 9874       3       net.minecraft.client.resources.DefaultResourcePack::func_152780_c (41 bytes)
Event: 37.923 Thread 0x0000000023536000 nmethod 9874 0x0000000004d2b850 code [0x0000000004d2ba80, 0x0000000004d2c6e8]
Event: 37.924 Thread 0x0000000023537800 9875       1       net.minecraft.client.audio.SoundList::func_148573_c (5 bytes)
Event: 37.924 Thread 0x0000000023536800 9876       1       net.minecraft.client.audio.SoundEventAccessorComposite::func_148729_c (5 bytes)
Event: 37.924 Thread 0x0000000023536800 nmethod 9876 0x0000000004d2b590 code [0x0000000004d2b6e0, 0x0000000004d2b7f0]
Event: 37.925 Thread 0x0000000023537800 nmethod 9875 0x0000000004d2b2d0 code [0x0000000004d2b420, 0x0000000004d2b530]
Event: 37.938 Thread 0x0000000023535000 9877       3       sun.net.www.MessageHeader::filterNTLMResponses (200 bytes)
Event: 37.939 Thread 0x0000000023535000 nmethod 9877 0x0000000004d29150 code [0x0000000004d29380, 0x0000000004d2a278]
Event: 37.942 Thread 0x00000000234f4800 9878       4       org.objectweb.asm.ClassReader::a (3271 bytes)

GC Heap History (10 events):
Event: 30.760 GC heap before
{Heap before GC invocations=27 (full 4):
 PSYoungGen      total 1883136K, used 1836299K [0x0000000740000000, 0x00000007bb280000, 0x00000007c0000000)
  eden space 1774080K, 100% used [0x0000000740000000,0x00000007ac480000,0x00000007ac480000)
  from space 109056K, 57% used [0x00000007b4800000,0x00000007b84c2f20,0x00000007bb280000)
  to   space 121856K, 0% used [0x00000007ac480000,0x00000007ac480000,0x00000007b3b80000)
 ParOldGen       total 544768K, used 283700K [0x0000000640000000, 0x0000000661400000, 0x0000000740000000)
  object space 544768K, 52% used [0x0000000640000000,0x000000065150d018,0x0000000661400000)
 Metaspace       used 95195K, capacity 95667K, committed 96384K, reserved 1130496K
  class space    used 15205K, capacity 15369K, committed 15488K, reserved 1048576K
Event: 30.798 GC heap after
Heap after GC invocations=27 (full 4):
 PSYoungGen      total 1895936K, used 103645K [0x0000000740000000, 0x00000007c0000000, 0x00000007c0000000)
  eden space 1774080K, 0% used [0x0000000740000000,0x0000000740000000,0x00000007ac480000)
  from space 121856K, 85% used [0x00000007ac480000,0x00000007b29b7720,0x00000007b3b80000)
  to   space 133120K, 0% used [0x00000007b7e00000,0x00000007b7e00000,0x00000007c0000000)
 ParOldGen       total 544768K, used 283708K [0x0000000640000000, 0x0000000661400000, 0x0000000740000000)
  object space 544768K, 52% used [0x0000000640000000,0x000000065150f018,0x0000000661400000)
 Metaspace       used 95195K, capacity 95667K, committed 96384K, reserved 1130496K
  class space    used 15205K, capacity 15369K, committed 15488K, reserved 1048576K
}
Event: 33.186 GC heap before
{Heap before GC invocations=28 (full 4):
 PSYoungGen      total 1895936K, used 1877725K [0x0000000740000000, 0x00000007c0000000, 0x00000007c0000000)
  eden space 1774080K, 100% used [0x0000000740000000,0x00000007ac480000,0x00000007ac480000)
  from space 121856K, 85% used [0x00000007ac480000,0x00000007b29b7720,0x00000007b3b80000)
  to   space 133120K, 0% used [0x00000007b7e00000,0x00000007b7e00000,0x00000007c0000000)
 ParOldGen       total 544768K, used 283708K [0x0000000640000000, 0x0000000661400000, 0x0000000740000000)
  object space 544768K, 52% used [0x0000000640000000,0x000000065150f018,0x0000000661400000)
 Metaspace       used 106011K, capacity 106551K, committed 107392K, reserved 1138688K
  class space    used 17255K, capacity 17431K, committed 17536K, reserved 1048576K
Event: 33.232 GC heap after
Heap after GC invocations=28 (full 4):
 PSYoungGen      total 1922048K, used 133096K [0x0000000740000000, 0x00000007c0000000, 0x00000007c0000000)
  eden space 1788928K, 0% used [0x0000000740000000,0x0000000740000000,0x00000007ad300000)
  from space 133120K, 99% used [0x00000007b7e00000,0x00000007bfffa368,0x00000007c0000000)
  to   space 154112K, 0% used [0x00000007ad300000,0x00000007ad300000,0x00000007b6980000)
 ParOldGen       total 544768K, used 288063K [0x0000000640000000, 0x0000000661400000, 0x0000000740000000)
  object space 544768K, 52% used [0x0000000640000000,0x000000065194ff78,0x0000000661400000)
 Metaspace       used 106011K, capacity 106551K, committed 107392K, reserved 1138688K
  class space    used 17255K, capacity 17431K, committed 17536K, reserved 1048576K
}
Event: 34.549 GC heap before
{Heap before GC invocations=29 (full 4):
 PSYoungGen      total 1922048K, used 1002258K [0x0000000740000000, 0x00000007c0000000, 0x00000007c0000000)
  eden space 1788928K, 48% used [0x0000000740000000,0x00000007750ca700,0x00000007ad300000)
  from space 133120K, 99% used [0x00000007b7e00000,0x00000007bfffa368,0x00000007c0000000)
  to   space 154112K, 0% used [0x00000007ad300000,0x00000007ad300000,0x00000007b6980000)
 ParOldGen       total 544768K, used 288063K [0x0000000640000000, 0x0000000661400000, 0x0000000740000000)
  object space 544768K, 52% used [0x0000000640000000,0x000000065194ff78,0x0000000661400000)
 Metaspace       used 111073K, capacity 111613K, committed 112360K, reserved 1142784K
  class space    used 18120K, capacity 18312K, committed 18408K, reserved 1048576K
Event: 34.586 GC heap after
Heap after GC invocations=29 (full 4):
 PSYoungGen      total 1934848K, used 145435K [0x0000000740000000, 0x00000007c0000000, 0x00000007c0000000)
  eden space 1788928K, 0% used [0x0000000740000000,0x0000000740000000,0x00000007ad300000)
  from space 145920K, 99% used [0x00000007ad300000,0x00000007b6106f48,0x00000007b6180000)
  to   space 162304K, 0% used [0x00000007b6180000,0x00000007b6180000,0x00000007c0000000)
 ParOldGen       total 544768K, used 288071K [0x0000000640000000, 0x0000000661400000, 0x0000000740000000)
  object space 544768K, 52% used [0x0000000640000000,0x0000000651951f78,0x0000000661400000)
 Metaspace       used 111073K, capacity 111613K, committed 112360K, reserved 1142784K
  class space    used 18120K, capacity 18312K, committed 18408K, reserved 1048576K
}
Event: 34.586 GC heap before
{Heap before GC invocations=30 (full 5):
 PSYoungGen      total 1934848K, used 145435K [0x0000000740000000, 0x00000007c0000000, 0x00000007c0000000)
  eden space 1788928K, 0% used [0x0000000740000000,0x0000000740000000,0x00000007ad300000)
  from space 145920K, 99% used [0x00000007ad300000,0x00000007b6106f48,0x00000007b6180000)
  to   space 162304K, 0% used [0x00000007b6180000,0x00000007b6180000,0x00000007c0000000)
 ParOldGen       total 544768K, used 288071K [0x0000000640000000, 0x0000000661400000, 0x0000000740000000)
  object space 544768K, 52% used [0x0000000640000000,0x0000000651951f78,0x0000000661400000)
 Metaspace       used 111073K, capacity 111613K, committed 112360K, reserved 1142784K
  class space    used 18120K, capacity 18312K, committed 18408K, reserved 1048576K
Event: 34.796 GC heap after
Heap after GC invocations=30 (full 5):
 PSYoungGen      total 1934848K, used 0K [0x0000000740000000, 0x00000007c0000000, 0x00000007c0000000)
  eden space 1788928K, 0% used [0x0000000740000000,0x0000000740000000,0x00000007ad300000)
  from space 145920K, 0% used [0x00000007ad300000,0x00000007ad300000,0x00000007b6180000)
  to   space 162304K, 0% used [0x00000007b6180000,0x00000007b6180000,0x00000007c0000000)
 ParOldGen       total 670720K, used 377808K [0x0000000640000000, 0x0000000668f00000, 0x0000000740000000)
  object space 670720K, 56% used [0x0000000640000000,0x00000006570f4010,0x0000000668f00000)
 Metaspace       used 111073K, capacity 111613K, committed 112360K, reserved 1142784K
  class space    used 18120K, capacity 18312K, committed 18408K, reserved 1048576K
}
Event: 36.941 GC heap before
{Heap before GC invocations=31 (full 5):
 PSYoungGen      total 1934848K, used 1788928K [0x0000000740000000, 0x00000007c0000000, 0x00000007c0000000)
  eden space 1788928K, 100% used [0x0000000740000000,0x00000007ad300000,0x00000007ad300000)
  from space 145920K, 0% used [0x00000007ad300000,0x00000007ad300000,0x00000007b6180000)
  to   space 162304K, 0% used [0x00000007b6180000,0x00000007b6180000,0x00000007c0000000)
 ParOldGen       total 670720K, used 377808K [0x0000000640000000, 0x0000000668f00000, 0x0000000740000000)
  object space 670720K, 56% used [0x0000000640000000,0x00000006570f4010,0x0000000668f00000)
 Metaspace       used 121719K, capacity 122439K, committed 123240K, reserved 1153024K
  class space    used 20081K, capacity 20271K, committed 20328K, reserved 1048576K
Event: 36.955 GC heap after
Heap after GC invocations=31 (full 5):
 PSYoungGen      total 1919488K, used 43217K [0x0000000740000000, 0x00000007c0000000, 0x00000007c0000000)
  eden space 1757184K, 0% used [0x0000000740000000,0x0000000740000000,0x00000007ab400000)
  from space 162304K, 26% used [0x00000007b6180000,0x00000007b8bb4688,0x00000007c0000000)
  to   space 169984K, 0% used [0x00000007ab400000,0x00000007ab400000,0x00000007b5a00000)
 ParOldGen       total 670720K, used 377816K [0x0000000640000000, 0x0000000668f00000, 0x0000000740000000)
  object space 670720K, 56% used [0x0000000640000000,0x00000006570f6010,0x0000000668f00000)
 Metaspace       used 121719K, capacity 122439K, committed 123240K, reserved 1153024K
  class space    used 20081K, capacity 20271K, committed 20328K, reserved 1048576K
}

Deoptimization events (10 events):
Event: 37.238 Thread 0x0000000002eb3800 Uncommon trap: reason=class_check action=maybe_recompile pc=0x00000000041216e4 method=org.objectweb.asm.ClassReader.a(Lorg/objectweb/asm/MethodVisitor;Lorg/objectweb/asm/Context;I)V @ 1667
Event: 37.238 Thread 0x0000000002eb3800 Uncommon trap: reason=class_check action=maybe_recompile pc=0x00000000041216e4 method=org.objectweb.asm.ClassReader.a(Lorg/objectweb/asm/MethodVisitor;Lorg/objectweb/asm/Context;I)V @ 1667
Event: 37.244 Thread 0x0000000002eb3800 Uncommon trap: reason=unstable_if action=reinterpret pc=0x0000000003cc0bb0 method=org.objectweb.asm.Label.a(Lorg/objectweb/asm/MethodWriter;I[B)Z @ 78
Event: 37.244 Thread 0x0000000002eb3800 Uncommon trap: reason=unstable_if action=reinterpret pc=0x00000000047ee464 method=org.objectweb.asm.MethodWriter.d()V @ 46
Event: 37.255 Thread 0x0000000002eb3800 Uncommon trap: reason=unstable_if action=reinterpret pc=0x0000000003448494 method=org.objectweb.asm.Label.a(Lorg/objectweb/asm/MethodWriter;I[B)Z @ 78
Event: 37.263 Thread 0x0000000002eb3800 Uncommon trap: reason=unstable_if action=reinterpret pc=0x0000000003c03f38 method=org.objectweb.asm.Label.a(Lorg/objectweb/asm/MethodWriter;I[B)Z @ 78
Event: 37.618 Thread 0x0000000002eb3800 Uncommon trap: reason=bimorphic action=maybe_recompile pc=0x0000000004a343cc method=scala.collection.TraversableOnce$class.mkString(Lscala/collection/TraversableOnce;Ljava/lang/String;)Ljava/lang/String; @ 8
Event: 37.620 Thread 0x0000000002eb3800 Uncommon trap: reason=bimorphic action=maybe_recompile pc=0x0000000004a343cc method=scala.collection.TraversableOnce$class.mkString(Lscala/collection/TraversableOnce;Ljava/lang/String;)Ljava/lang/String; @ 8
Event: 37.620 Thread 0x0000000002eb3800 Uncommon trap: reason=bimorphic action=maybe_recompile pc=0x0000000004a343cc method=scala.collection.TraversableOnce$class.mkString(Lscala/collection/TraversableOnce;Ljava/lang/String;)Ljava/lang/String; @ 8
Event: 37.620 Thread 0x0000000002eb3800 Uncommon trap: reason=bimorphic action=maybe_recompile pc=0x0000000004a343cc method=scala.collection.TraversableOnce$class.mkString(Lscala/collection/TraversableOnce;Ljava/lang/String;)Ljava/lang/String; @ 8

Internal exceptions (10 events):
Event: 37.938 Thread 0x0000000038a30800 Exception <a 'java/lang/InterruptedException': sleep interrupted> (0x0000000762090128) thrown at [C:\re\workspace\8-2-build-windows-amd64-cygwin\jdk8u51\3951\hotspot\src\share\vm\prims\jvm.cpp, line 3211]
Event: 37.957 Thread 0x0000000038a30800 Exception <a 'java/security/PrivilegedActionException'> (0x0000000767168870) thrown at [C:\re\workspace\8-2-build-windows-amd64-cygwin\jdk8u51\3951\hotspot\src\share\vm\prims\jvm.cpp, line 1382]
Event: 37.957 Thread 0x0000000038a30800 Exception <a 'java/security/PrivilegedActionException'> (0x0000000767169c30) thrown at [C:\re\workspace\8-2-build-windows-amd64-cygwin\jdk8u51\3951\hotspot\src\share\vm\prims\jvm.cpp, line 1382]
Event: 37.957 Thread 0x0000000038a30800 Exception <a 'java/security/PrivilegedActionException'> (0x000000076716b4d0) thrown at [C:\re\workspace\8-2-build-windows-amd64-cygwin\jdk8u51\3951\hotspot\src\share\vm\prims\jvm.cpp, line 1382]
Event: 37.957 Thread 0x0000000038a30800 Exception <a 'java/security/PrivilegedActionException'> (0x000000076716cba0) thrown at [C:\re\workspace\8-2-build-windows-amd64-cygwin\jdk8u51\3951\hotspot\src\share\vm\prims\jvm.cpp, line 1382]
Event: 37.957 Thread 0x0000000038a30800 Exception <a 'java/security/PrivilegedActionException'> (0x000000076716dee8) thrown at [C:\re\workspace\8-2-build-windows-amd64-cygwin\jdk8u51\3951\hotspot\src\share\vm\prims\jvm.cpp, line 1382]
Event: 37.957 Thread 0x0000000038a30800 Exception <a 'java/security/PrivilegedActionException'> (0x000000076716f390) thrown at [C:\re\workspace\8-2-build-windows-amd64-cygwin\jdk8u51\3951\hotspot\src\share\vm\prims\jvm.cpp, line 1382]
Event: 37.957 Thread 0x0000000038a30800 Exception <a 'java/security/PrivilegedActionException'> (0x0000000767171818) thrown at [C:\re\workspace\8-2-build-windows-amd64-cygwin\jdk8u51\3951\hotspot\src\share\vm\prims\jvm.cpp, line 1382]
Event: 37.957 Thread 0x0000000038a30800 Exception <a 'java/security/PrivilegedActionException'> (0x0000000767172b60) thrown at [C:\re\workspace\8-2-build-windows-amd64-cygwin\jdk8u51\3951\hotspot\src\share\vm\prims\jvm.cpp, line 1382]
Event: 37.957 Thread 0x0000000038a30800 Exception <a 'java/security/PrivilegedActionException'> (0x0000000767174008) thrown at [C:\re\workspace\8-2-build-windows-amd64-cygwin\jdk8u51\3951\hotspot\src\share\vm\prims\jvm.cpp, line 1382]

Events (10 events):
Event: 37.968 loading class org/lwjgl/openal/ALC10
Event: 37.968 loading class org/lwjgl/openal/ALC10 done
Event: 37.976 loading class org/lwjgl/openal/ALCdevice
Event: 37.976 loading class org/lwjgl/openal/ALCdevice done
Event: 37.976 loading class org/lwjgl/openal/ALCcontext
Event: 37.976 loading class org/lwjgl/openal/ALCcontext done
Event: 37.976 loading class org/lwjgl/openal/Util
Event: 37.976 loading class org/lwjgl/openal/Util done
Event: 37.977 loading class org/lwjgl/openal/OpenALException
Event: 37.977 loading class org/lwjgl/openal/OpenALException done


Dynamic libraries:
0x00007ff700180000 - 0x00007ff7001b7000 	C:\Users\cleve\curseforge\minecraft\Install\runtime\jre-legacy\windows-x64\jre-legacy\bin\javaw.exe
0x00007ff84ce70000 - 0x00007ff84d068000 	C:\Windows\SYSTEM32\ntdll.dll
0x00007ff81e590000 - 0x00007ff81e5a9000 	C:\Program Files\Avast Software\Avast\aswhook.dll
0x00007ff84bfe0000 - 0x00007ff84c09f000 	C:\Windows\System32\KERNEL32.DLL
0x00007ff84a6e0000 - 0x00007ff84a9d6000 	C:\Windows\System32\KERNELBASE.dll
0x00007ff84bf30000 - 0x00007ff84bfdf000 	C:\Windows\System32\ADVAPI32.dll
0x00007ff84cb80000 - 0x00007ff84cc1e000 	C:\Windows\System32\msvcrt.dll
0x00007ff84c0a0000 - 0x00007ff84c13c000 	C:\Windows\System32\sechost.dll
0x00007ff84c2d0000 - 0x00007ff84c3f6000 	C:\Windows\System32\RPCRT4.dll
0x00007ff84cc80000 - 0x00007ff84ce1d000 	C:\Windows\System32\USER32.dll
0x00007ff84aa90000 - 0x00007ff84aab2000 	C:\Windows\System32\win32u.dll
0x00007ff84b060000 - 0x00007ff84b08c000 	C:\Windows\System32\GDI32.dll
0x00007ff84ac30000 - 0x00007ff84ad45000 	C:\Windows\System32\gdi32full.dll
0x00007ff84ada0000 - 0x00007ff84ae3d000 	C:\Windows\System32\msvcp_win.dll
0x00007ff84ab30000 - 0x00007ff84ac30000 	C:\Windows\System32\ucrtbase.dll
0x00007ff834cf0000 - 0x00007ff834f8a000 	C:\Windows\WinSxS\amd64_microsoft.windows.common-controls_6595b64144ccf1df_6.0.19041.1110_none_60b5254171f9507e\COMCTL32.dll
0x00007ff84c400000 - 0x00007ff84c430000 	C:\Windows\System32\IMM32.DLL
0x0000000077090000 - 0x0000000077162000 	C:\Users\cleve\curseforge\minecraft\Install\runtime\jre-legacy\windows-x64\jre-legacy\bin\msvcr100.dll
0x0000000075610000 - 0x0000000075e93000 	C:\Users\cleve\curseforge\minecraft\Install\runtime\jre-legacy\windows-x64\jre-legacy\bin\server\jvm.dll
0x00007ff84ce20000 - 0x00007ff84ce28000 	C:\Windows\System32\PSAPI.DLL
0x00007ff83c2b0000 - 0x00007ff83c2d7000 	C:\Windows\SYSTEM32\WINMM.dll
0x00007ff840630000 - 0x00007ff840639000 	C:\Windows\SYSTEM32\WSOCK32.dll
0x00007ff845c30000 - 0x00007ff845c3a000 	C:\Windows\SYSTEM32\VERSION.dll
0x00007ff84c140000 - 0x00007ff84c1ab000 	C:\Windows\System32\WS2_32.dll
0x0000000077080000 - 0x000000007708f000 	C:\Users\cleve\curseforge\minecraft\Install\runtime\jre-legacy\windows-x64\jre-legacy\bin\verify.dll
0x0000000077050000 - 0x0000000077079000 	C:\Users\cleve\curseforge\minecraft\Install\runtime\jre-legacy\windows-x64\jre-legacy\bin\java.dll
0x0000000077030000 - 0x0000000077046000 	C:\Users\cleve\curseforge\minecraft\Install\runtime\jre-legacy\windows-x64\jre-legacy\bin\zip.dll
0x00007ff84b290000 - 0x00007ff84b9d4000 	C:\Windows\System32\SHELL32.dll
0x00007ff848630000 - 0x00007ff848dc3000 	C:\Windows\SYSTEM32\windows.storage.dll
0x00007ff84c7f0000 - 0x00007ff84cb44000 	C:\Windows\System32\combase.dll
0x00007ff849fb0000 - 0x00007ff849fde000 	C:\Windows\SYSTEM32\Wldp.dll
0x00007ff84aed0000 - 0x00007ff84af7d000 	C:\Windows\System32\SHCORE.dll
0x00007ff84b090000 - 0x00007ff84b0e5000 	C:\Windows\System32\shlwapi.dll
0x00007ff84a490000 - 0x00007ff84a4af000 	C:\Windows\SYSTEM32\profapi.dll
0x0000000077020000 - 0x000000007702d000 	C:\Users\cleve\curseforge\minecraft\Install\runtime\jre-legacy\windows-x64\jre-legacy\bin\management.dll
0x0000000077000000 - 0x000000007701a000 	C:\Users\cleve\curseforge\minecraft\Install\runtime\jre-legacy\windows-x64\jre-legacy\bin\net.dll
0x00007ff849d10000 - 0x00007ff849d7a000 	C:\Windows\system32\mswsock.dll
0x0000000076fe0000 - 0x0000000076ff1000 	C:\Users\cleve\curseforge\minecraft\Install\runtime\jre-legacy\windows-x64\jre-legacy\bin\nio.dll
0x00007ff833310000 - 0x00007ff833327000 	C:\Windows\system32\napinsp.dll
0x00007ff833330000 - 0x00007ff83334b000 	C:\Windows\system32\pnrpnsp.dll
0x00007ff833350000 - 0x00007ff833365000 	C:\Windows\system32\wshbth.dll
0x00007ff845d50000 - 0x00007ff845d6d000 	C:\Windows\system32\NLAapi.dll
0x00007ff8499b0000 - 0x00007ff8499ec000 	C:\Windows\SYSTEM32\IPHLPAPI.DLL
0x00007ff8499f0000 - 0x00007ff849abb000 	C:\Windows\SYSTEM32\DNSAPI.dll
0x00007ff84cb70000 - 0x00007ff84cb78000 	C:\Windows\System32\NSI.dll
0x00007ff833370000 - 0x00007ff833382000 	C:\Windows\System32\winrnr.dll
0x0000000077350000 - 0x0000000077376000 	C:\Program Files\Bonjour\mdnsNSP.dll
0x00007ff843b50000 - 0x00007ff843b5a000 	C:\Windows\System32\rasadhlp.dll
0x00007ff8437d0000 - 0x00007ff843852000 	C:\Windows\System32\fwpuclnt.dll
0x00007ff84a550000 - 0x00007ff84a577000 	C:\Windows\System32\bcrypt.dll
0x0000000075470000 - 0x0000000075608000 	C:\Users\cleve\curseforge\minecraft\Install\runtime\jre-legacy\windows-x64\jre-legacy\bin\awt.dll
0x00007ff84c440000 - 0x00007ff84c50d000 	C:\Windows\System32\OLEAUT32.dll
0x00007ff847d70000 - 0x00007ff847e01000 	C:\Windows\SYSTEM32\apphelp.dll
0x00007ff847ec0000 - 0x00007ff847f5e000 	C:\Windows\system32\uxtheme.dll
0x00007ff84c1b0000 - 0x00007ff84c2c4000 	C:\Windows\System32\MSCTF.dll
0x00007ff84c510000 - 0x00007ff84c63a000 	C:\Windows\System32\ole32.dll
0x00007ff848430000 - 0x00007ff848442000 	C:\Windows\SYSTEM32\kernel.appcore.dll
0x00007ff84ae40000 - 0x00007ff84aec2000 	C:\Windows\System32\bcryptPrimitives.dll
0x00007ff848140000 - 0x00007ff84816f000 	C:\Windows\system32\DWMAPI.DLL
0x0000000076f90000 - 0x0000000076fd7000 	C:\Users\cleve\curseforge\minecraft\Install\runtime\jre-legacy\windows-x64\jre-legacy\bin\fontmanager.dll
0x00007ff83a5f0000 - 0x00007ff83a7bd000 	C:\Windows\system32\d3d9.dll
0x00007ff83ed40000 - 0x00007ff83ee57000 	C:\Windows\System32\DriverStore\FileRepository\nv_dispig.inf_amd64_ee20464bb4ac57f4\nvldumdx.dll
0x00007ff84a140000 - 0x00007ff84a152000 	C:\Windows\SYSTEM32\msasn1.dll
0x00007ff845bf0000 - 0x00007ff845c21000 	C:\Windows\SYSTEM32\cryptnet.dll
0x00007ff84a580000 - 0x00007ff84a6de000 	C:\Windows\System32\CRYPT32.dll
0x00007ff8459f0000 - 0x00007ff845b38000 	C:\Windows\SYSTEM32\drvstore.dll
0x00007ff84a300000 - 0x00007ff84a32c000 	C:\Windows\SYSTEM32\devobj.dll
0x00007ff84ad50000 - 0x00007ff84ad9e000 	C:\Windows\System32\cfgmgr32.dll
0x00007ff849f20000 - 0x00007ff849f2c000 	C:\Windows\SYSTEM32\cryptbase.dll
0x00007ff84aac0000 - 0x00007ff84ab27000 	C:\Windows\System32\WINTRUST.DLL
0x00007ff84cb50000 - 0x00007ff84cb6d000 	C:\Windows\System32\imagehlp.dll
0x00007ff849f00000 - 0x00007ff849f18000 	C:\Windows\SYSTEM32\CRYPTSP.dll
0x00007ff8495c0000 - 0x00007ff8495f4000 	C:\Windows\system32\rsaenh.dll
0x00007fffb7940000 - 0x00007fffb914a000 	C:\Windows\System32\DriverStore\FileRepository\nv_dispig.inf_amd64_ee20464bb4ac57f4\nvd3dumx.dll
0x00007ff81eb00000 - 0x00007ff81edc7000 	C:\Windows\system32\nvspcap64.dll
0x00007ff8496e0000 - 0x00007ff849713000 	C:\Windows\SYSTEM32\ntmarta.dll
0x00007ff848de0000 - 0x00007ff848e03000 	C:\Windows\SYSTEM32\gpapi.dll
0x00007ff83ee60000 - 0x00007ff83ee9b000 	C:\Windows\SYSTEM32\dxcore.dll
0x0000000076f40000 - 0x0000000076f82000 	C:\Users\cleve\curseforge\minecraft\Install\runtime\jre-legacy\windows-x64\jre-legacy\bin\t2k.dll
0x0000000076f20000 - 0x0000000076f37000 	C:\Users\cleve\curseforge\minecraft\Install\runtime\jre-legacy\windows-x64\jre-legacy\bin\unpack.dll
0x0000000180000000 - 0x0000000180051000 	C:\Users\cleve\curseforge\minecraft\Install\bin\7c1b592719138bb0eaa687a2e52c9a283d88db9e\lwjgl64.dll
0x00007ff824b70000 - 0x00007ff824c95000 	C:\Windows\SYSTEM32\OPENGL32.dll
0x00007ff83bb10000 - 0x00007ff83bb3c000 	C:\Windows\SYSTEM32\GLU32.dll
0x00007ff84a450000 - 0x00007ff84a47e000 	C:\Windows\SYSTEM32\USERENV.dll
0x00007ff845ee0000 - 0x00007ff845ef7000 	C:\Windows\SYSTEM32\dhcpcsvc6.DLL
0x00007ff845ec0000 - 0x00007ff845edd000 	C:\Windows\SYSTEM32\dhcpcsvc.DLL
0x00007ff840510000 - 0x00007ff8405be000 	C:\Windows\SYSTEM32\mscms.dll
0x00007ff8404f0000 - 0x00007ff840501000 	C:\Windows\SYSTEM32\ColorAdapterClient.dll
0x00007ff84b1e0000 - 0x00007ff84b289000 	C:\Windows\System32\clbcatq.dll
0x00007ff8427f0000 - 0x00007ff8428f4000 	C:\Windows\System32\AppXDeploymentClient.dll
0x00007fffe0590000 - 0x00007fffe3749000 	C:\Windows\System32\DriverStore\FileRepository\nv_dispig.inf_amd64_ee20464bb4ac57f4\nvoglv64.dll
0x00007ff84b9e0000 - 0x00007ff84be48000 	C:\Windows\System32\SETUPAPI.dll
0x00007ff845ff0000 - 0x00007ff846004000 	C:\Windows\SYSTEM32\WTSAPI32.dll
0x00007ff844250000 - 0x00007ff84434a000 	C:\Windows\SYSTEM32\textinputframework.dll
0x00007ff847b40000 - 0x00007ff847c32000 	C:\Windows\System32\CoreMessaging.dll
0x00007ff8477e0000 - 0x00007ff847b3e000 	C:\Windows\System32\CoreUIComponents.dll
0x00007ff846480000 - 0x00007ff8465d4000 	C:\Windows\SYSTEM32\wintypes.dll
0x00007ff814f90000 - 0x00007ff814fd3000 	C:\Windows\SYSTEM32\icm32.dll
0x00007ff849ad0000 - 0x00007ff849b1b000 	C:\Windows\SYSTEM32\powrprof.dll
0x00007ff849990000 - 0x00007ff8499a2000 	C:\Windows\SYSTEM32\UMPDC.dll
0x00007ff849250000 - 0x00007ff8492b4000 	C:\Windows\SYSTEM32\WINSTA.dll
0x0000000070a40000 - 0x0000000070adc000 	C:\Users\cleve\curseforge\minecraft\Install\bin\7c1b592719138bb0eaa687a2e52c9a283d88db9e\avutil-ttv-51.dll
0x0000000065980000 - 0x00000000659d6000 	C:\Users\cleve\curseforge\minecraft\Install\bin\7c1b592719138bb0eaa687a2e52c9a283d88db9e\swresample-ttv-0.dll
0x000000006eb80000 - 0x000000006ec50000 	C:\Users\cleve\curseforge\minecraft\Install\bin\7c1b592719138bb0eaa687a2e52c9a283d88db9e\libmp3lame-ttv.dll
0x00007fff83e50000 - 0x00007fff851f4000 	C:\Users\cleve\curseforge\minecraft\Install\bin\7c1b592719138bb0eaa687a2e52c9a283d88db9e\libmfxsw64.dll
0x00007ff807210000 - 0x00007ff80733b000 	C:\Users\cleve\curseforge\minecraft\Install\bin\7c1b592719138bb0eaa687a2e52c9a283d88db9e\twitchsdk.dll
0x00007ff834660000 - 0x00007ff834b39000 	C:\Windows\SYSTEM32\WININET.dll
0x0000000075440000 - 0x0000000075464000 	C:\Users\cleve\curseforge\minecraft\Install\runtime\jre-legacy\windows-x64\jre-legacy\bin\sunec.dll
0x0000000075400000 - 0x0000000075431000 	C:\Users\cleve\curseforge\minecraft\Install\runtime\jre-legacy\windows-x64\jre-legacy\bin\jpeg.dll
0x0000000029f00000 - 0x0000000029f64000 	C:\Users\cleve\curseforge\minecraft\Install\bin\7c1b592719138bb0eaa687a2e52c9a283d88db9e\OpenAL64.dll
0x00007ff843080000 - 0x00007ff843105000 	C:\Windows\System32\MMDevApi.dll
0x00007fffdd920000 - 0x00007fffdd9bc000 	C:\Windows\SYSTEM32\dsound.dll
0x00007ff826210000 - 0x00007ff826236000 	C:\Windows\SYSTEM32\winmmbase.dll
0x00007ff817b60000 - 0x00007ff817ce2000 	C:\Windows\SYSTEM32\AUDIOSES.DLL
0x00007ff844d60000 - 0x00007ff844f44000 	C:\Windows\SYSTEM32\dbghelp.dll

VM Arguments:
jvm_args: -Dos.name=Windows 10 -Dos.version=10.0 -XX:HeapDumpPath=MojangTricksIntelDriversForPerformance_javaw.exe_minecraft.exe.heapdump -Djava.library.path=C:\Users\cleve\curseforge\minecraft\Install\bin\7c1b592719138bb0eaa687a2e52c9a283d88db9e -Dminecraft.launcher.brand=minecraft-launcher -Dminecraft.launcher.version=2.4.69 -Dminecraft.client.jar=C:\Users\cleve\curseforge\minecraft\Install\versions\1.7.10\1.7.10.jar -Xmx6144m -Xms256m -Dminecraft.applet.TargetDirectory=C:\Users\cleve\curseforge\minecraft\Instances\Aidan Is Hard -Dfml.ignorePatchDiscrepancies=true -Dfml.ignoreInvalidMinecraftCertificates=true -Duser.language=en -Duser.country=US -Dlog4j.configurationFile=C:\Users\cleve\curseforge\minecraft\Install\assets\log_configs\client-1.7.xml 
java_command: net.minecraft.launchwrapper.Launch --username Brirro --version forge-10.13.4.1614 --gameDir C:\Users\cleve\curseforge\minecraft\Instances\Aidan Is Hard --assetsDir C:\Users\cleve\curseforge\minecraft\Install\assets --assetIndex 1.7.10 --uuid a4994065b5e34bbfbad23fd5aba96973 -IroFJRrORG5FiFSHShnNZCd-nqZ3eA --userProperties {} --userType msa --tweakClass cpw.mods.fml.common.launcher.FMLTweaker --width 1024 --height 768
java_class_path (initial): C:\Users\cleve\curseforge\minecraft\Install\libraries\net\minecraftforge\forge\1.7.10-10.13.4.1614-1.7.10\forge-1.7.10-10.13.4.1614-1.7.10.jar;C:\Users\cleve\curseforge\minecraft\Install\libraries\net\minecraft\launchwrapper\1.12\launchwrapper-1.12.jar;C:\Users\cleve\curseforge\minecraft\Install\libraries\org\ow2\asm\asm-all\5.0.3\asm-all-5.0.3.jar;C:\Users\cleve\curseforge\minecraft\Install\libraries\com\typesafe\akka\akka-actor_2.11\2.3.3\akka-actor_2.11-2.3.3.jar;C:\Users\cleve\curseforge\minecraft\Install\libraries\com\typesafe\config\1.2.1\config-1.2.1.jar;C:\Users\cleve\curseforge\minecraft\Install\libraries\org\scala-lang\scala-actors-migration_2.11\1.1.0\scala-actors-migration_2.11-1.1.0.jar;C:\Users\cleve\curseforge\minecraft\Install\libraries\org\scala-lang\scala-compiler\2.11.1\scala-compiler-2.11.1.jar;C:\Users\cleve\curseforge\minecraft\Install\libraries\org\scala-lang\plugins\scala-continuations-library_2.11\1.0.2\scala-continuations-library_2.11-1.0.2.jar;C:\Users\cleve\curseforge\minecraft\Install\libraries\org\scala-lang\plugins\scala-continuations-plugin_2.11.1\1.0.2\scala-continuations-plugin_2.11.1-1.0.2.jar;C:\Users\cleve\curseforge\minecraft\Install\libraries\org\scala-lang\scala-library\2.11.1\scala-library-2.11.1.jar;C:\Users\cleve\curseforge\minecraft\Install\libraries\org\scala-lang\scala-parser-combinators_2.11\1.0.1\scala-parser-combinators_2.11-1.0.1.jar;C:\Users\cleve\curseforge\minecraft\Install\libraries\org\scala-lang\scala-reflect\2.11.1\scala-reflect-2.11.1.jar;C:\Users\cleve\curseforge\minecraft\Install\libraries\org\scala-lang\scala-swing_2.11\1.0.1\scala-swing_2.11-1.0.1.jar;C:\Users\cleve\curseforge\minecraft\Install\libraries\org\scala-lang\scala-xml_2.11\1.0.2\scala-xml_2.11-1.0.2.jar;C:\Users\cleve\curseforge\minecraft\Install\libraries\lzma\lzma\0.0.1\lzma-0.0.1.jar;C:\Users\cleve\curseforge\minecraft\Install\libraries\net\sf\jopt-simple\jopt-simple\4.5\jopt-simple-4.5.jar;C:\Users\cleve\cursefo
Launcher Type: SUN_STANDARD

Environment Variables:
PATH=C:\Program Files\BellSoft\LibericaJDK-17-Full\bin\;C:\Program Files\BellSoft\LibericaJDK-8-Full\bin\;C:\Program Files\BellSoft\LibericaJDK-17\bin\;C:\Program Files\Eclipse Adoptium\jdk-8.0.312.7-hotspot\bin;C:\Program Files\Common Files\Oracle\Java\javapath;C:\Program Files (x86)\Common Files\Oracle\Java\javapath;C:\Windows\system32;C:\Windows;C:\Windows\System32\Wbem;C:\Windows\System32\WindowsPowerShell\v1.0\;C:\Windows\System32\OpenSSH\;C:\Program Files (x86)\NVIDIA Corporation\PhysX\Common;C:\Gradle\gradle-7.1.1\bin;C:\Program Files\Java\jdk-16.0.2\bin;C:\Program Files\dotnet\;C:\Program Files\WorldPainter;C:\Program Files\NVIDIA Corporation\NVIDIA NvDLISR;C:\Program Files (x86)\Livestreamer;C:\Program Files\Git\cmd;C:\Users\cleve\AppData\Local\Microsoft\WindowsApps;C:\Users\cleve\.dotnet\tools
USERNAME=cleve
OS=Windows_NT
PROCESSOR_IDENTIFIER=AMD64 Family 23 Model 113 Stepping 0, AuthenticAMD



---------------  S Y S T E M  ---------------

OS: Windows 10.0 , 64 bit Build 19041 (10.0.19041.2913)

CPU:total 16 (16 cores per cpu, 1 threads per core) family 23 model 113 stepping 0, cmov, cx8, fxsr, mmx, sse, sse2, sse3, ssse3, sse4.1, sse4.2, popcnt, avx, avx2, aes, clmul, mmxext, 3dnowpref, lzcnt, sse4a, tsc, tscinvbit, tscinv, bmi1

Memory: 4k page, physical 16726624k(5555232k free), swap 24066656k(7117456k free)

vm_info: Java HotSpot(TM) 64-Bit Server VM (25.51-b03) for windows-amd64 JRE (1.8.0_51-b16), built on Jun  8 2015 18:03:07 by "java_re" with MS VC++ 10.0 (VS2010)

time: Wed May 17 18:34:21 2023
elapsed time: 38 seconds (0d 0h 0m 38s)

