ERROR: Error for class modtweaker2.mods.mekanism.handlers.SolarEvaporation
java.lang.NoClassDefFoundError: mekanism/common/recipe/machines/SolarEvaporationRecipe
	at java.lang.Class.getDeclaredMethods0(Native Method)
	at java.lang.Class.privateGetDeclaredMethods(Class.java:2701)
	at java.lang.Class.privateGetPublicMethods(Class.java:2902)
	at java.lang.Class.getMethods(Class.java:1615)
	at stanhebben.zenscript.type.ZenTypeNative.complete(ZenTypeNative.java:124)
	at minetweaker.runtime.GlobalRegistry.registerNativeClass(GlobalRegistry.java:92)
	at minetweaker.MineTweakerAPI.registerClass(MineTweakerAPI.java:340)
	at modtweaker2.mods.mekanism.Mekanism.<init>(Mekanism.java:48)
	at sun.reflect.NativeConstructorAccessorImpl.newInstance0(Native Method)
	at sun.reflect.NativeConstructorAccessorImpl.newInstance(NativeConstructorAccessorImpl.java:62)
	at sun.reflect.DelegatingConstructorAccessorImpl.newInstance(DelegatingConstructorAccessorImpl.java:45)
	at java.lang.reflect.Constructor.newInstance(Constructor.java:422)
	at java.lang.Class.newInstance(Class.java:442)
	at modtweaker2.utils.TweakerPlugin.load(TweakerPlugin.java:18)
	at modtweaker2.utils.TweakerPlugin.register(TweakerPlugin.java:12)
	at modtweaker2.ModTweaker2.init(ModTweaker2.java:73)
	at sun.reflect.NativeMethodAccessorImpl.invoke0(Native Method)
	at sun.reflect.NativeMethodAccessorImpl.invoke(NativeMethodAccessorImpl.java:62)
	at sun.reflect.DelegatingMethodAccessorImpl.invoke(DelegatingMethodAccessorImpl.java:43)
	at java.lang.reflect.Method.invoke(Method.java:497)
	at cpw.mods.fml.common.FMLModContainer.handleModStateEvent(FMLModContainer.java:532)
	at sun.reflect.GeneratedMethodAccessor3.invoke(Unknown Source)
	at sun.reflect.DelegatingMethodAccessorImpl.invoke(DelegatingMethodAccessorImpl.java:43)
	at java.lang.reflect.Method.invoke(Method.java:497)
	at com.google.common.eventbus.EventSubscriber.handleEvent(EventSubscriber.java:74)
	at com.google.common.eventbus.SynchronizedEventSubscriber.handleEvent(SynchronizedEventSubscriber.java:47)
	at com.google.common.eventbus.EventBus.dispatch(EventBus.java:322)
	at com.google.common.eventbus.EventBus.dispatchQueuedEvents(EventBus.java:304)
	at com.google.common.eventbus.EventBus.post(EventBus.java:275)
	at cpw.mods.fml.common.LoadController.sendEventToModContainer(LoadController.java:212)
	at cpw.mods.fml.common.LoadController.propogateStateMessage(LoadController.java:190)
	at sun.reflect.NativeMethodAccessorImpl.invoke0(Native Method)
	at sun.reflect.NativeMethodAccessorImpl.invoke(NativeMethodAccessorImpl.java:62)
	at sun.reflect.DelegatingMethodAccessorImpl.invoke(DelegatingMethodAccessorImpl.java:43)
	at java.lang.reflect.Method.invoke(Method.java:497)
	at com.google.common.eventbus.EventSubscriber.handleEvent(EventSubscriber.java:74)
	at com.google.common.eventbus.SynchronizedEventSubscriber.handleEvent(SynchronizedEventSubscriber.java:47)
	at com.google.common.eventbus.EventBus.dispatch(EventBus.java:322)
	at com.google.common.eventbus.EventBus.dispatchQueuedEvents(EventBus.java:304)
	at com.google.common.eventbus.EventBus.post(EventBus.java:275)
	at cpw.mods.fml.common.LoadController.distributeStateMessage(LoadController.java:119)
	at cpw.mods.fml.common.Loader.initializeMods(Loader.java:737)
	at cpw.mods.fml.client.FMLClientHandler.finishMinecraftLoading(FMLClientHandler.java:311)
	at net.minecraft.client.Minecraft.func_71384_a(Minecraft.java:552)
	at net.minecraft.client.Minecraft.func_99999_d(Minecraft.java:878)
	at net.minecraft.client.main.Main.main(SourceFile:148)
	at sun.reflect.NativeMethodAccessorImpl.invoke0(Native Method)
	at sun.reflect.NativeMethodAccessorImpl.invoke(NativeMethodAccessorImpl.java:62)
	at sun.reflect.DelegatingMethodAccessorImpl.invoke(DelegatingMethodAccessorImpl.java:43)
	at java.lang.reflect.Method.invoke(Method.java:497)
	at net.minecraft.launchwrapper.Launch.launch(Launch.java:135)
	at net.minecraft.launchwrapper.Launch.main(Launch.java:28)
Caused by: java.lang.ClassNotFoundException: mekanism.common.recipe.machines.SolarEvaporationRecipe
	at net.minecraft.launchwrapper.LaunchClassLoader.findClass(LaunchClassLoader.java:191)
	at java.lang.ClassLoader.loadClass(ClassLoader.java:424)
	at java.lang.ClassLoader.loadClass(ClassLoader.java:357)
	... 52 more
Caused by: java.lang.ArrayIndexOutOfBoundsException
INFO: Loaded class registry: IC2 mod support
INFO: Loaded class registry: NEI mod support
ERROR: system: AutoSpawner is already defined in that package
INFO: Loaded class registry: MFR mod support
INFO: MineTweaker: Building registry
INFO: MineTweaker: Sucessfully built item registry
INFO: Adding command minetweaker
INFO: Adding minetweaker command tooltips
INFO: 
INFO: Adding minetweaker command appeng
INFO: Adding minetweaker command lexiconCategories
INFO: Adding minetweaker command lexiconPages
INFO: Adding minetweaker command botaniaBrews
INFO: Adding minetweaker command lexiconKnowledgeTypes
INFO: Adding minetweaker command botaniaOrechid
INFO: Adding minetweaker command botania
INFO: Adding minetweaker command chiselGroups
INFO: Adding minetweaker command chiselVariations
INFO: Adding minetweaker command gases
INFO: Adding minetweaker command mekanism
INFO: Adding minetweaker command railcraft
INFO: Adding minetweaker command thermalexpansion
INFO: Adding minetweaker command mfr
INFO: Setting base block requirement for seed Jaslumine Seeds to tile.denseores:block0.name (BELOW)
INFO: Setting base block requirement for seed Cuprosia Seeds to tile.denseores:block0.name (BELOW)
INFO: Setting base block requirement for seed Petinia Seeds to tile.denseores:block0.name (BELOW)
INFO: Setting base block requirement for seed Silverweed Seeds to tile.denseores:block0.name (BELOW)
INFO: Setting base block requirement for seed Niccissus Seeds to tile.denseores:block0.name (BELOW)
INFO: Setting base block requirement for seed Platiolus Seeds to tile.denseores:block0.name (BELOW)
INFO: Setting base block requirement for seed Osmonium Seeds to tile.denseores:block0.name (BELOW)
INFO: Setting base block requirement for seed Plombean Seeds to tile.denseores:block0.name (BELOW)
INFO: Setting base block requirement for seed Quartzanthemum Seeds to tile.denseores:block0.name (BELOW)
INFO: Setting base block requirement for seed Redstodendron Seeds to tile.denseores:block0.name (BELOW)
INFO: Setting base block requirement for seed Emeryllis Seeds to tile.denseores:block0.name (BELOW)
INFO: Setting base block requirement for seed Lapender Seeds to tile.denseores:block0.name (BELOW)
INFO: Setting base block requirement for seed Diamahlia Seeds to tile.denseores:block0.name (BELOW)
INFO: Setting base block requirement for seed Ferranium Seeds to tile.denseores:block0.name (BELOW)
INFO: Setting base block requirement for seed Aurigold Seeds to tile.denseores:block0.name (BELOW)
INFO: Adding Group: Vending
INFO: Adding Variation: <vending:vendingMachine>
INFO: Adding Variation: <vending:vendingMachine:1>
INFO: Adding Variation: <vending:vendingMachine:2>
INFO: Adding Variation: <vending:vendingMachine:3>
INFO: Adding Variation: <vending:vendingMachine:4>
INFO: Adding Variation: <vending:vendingMachine:5>
INFO: Adding Variation: <vending:vendingMachine:6>
INFO: Adding Variation: <vending:vendingMachine:7>
INFO: Adding Variation: <vending:vendingMachine:8>
INFO: Adding Variation: <vending:vendingMachine:9>
INFO: Adding Variation: <vending:vendingMachine:10>
INFO: Adding Variation: <vending:vendingMachine:11>
INFO: Adding Variation: <vending:vendingMachine:12>
INFO: Adding Variation: <vending:vendingMachine:13>
INFO: Adding Variation: <vending:vendingMachine:14>
INFO: Adding Variation: <vending:vendingMachine:15>
INFO: Adding Variation: <vending:vendingMachineMultiple>
INFO: Adding Variation: <vending:vendingMachineMultiple:1>
INFO: Adding Variation: <vending:vendingMachineMultiple:2>
INFO: Adding Variation: <vending:vendingMachineMultiple:3>
INFO: Adding Variation: <vending:vendingMachineMultiple:4>
INFO: Adding Variation: <vending:vendingMachineMultiple:5>
INFO: Adding Variation: <vending:vendingMachineMultiple:6>
INFO: Adding Variation: <vending:vendingMachineMultiple:7>
INFO: Adding Variation: <vending:vendingMachineMultiple:8>
INFO: Adding Variation: <vending:vendingMachineMultiple:9>
INFO: Adding Variation: <vending:vendingMachineMultiple:10>
INFO: Adding Variation: <vending:vendingMachineMultiple:11>
INFO: Adding Variation: <vending:vendingMachineMultiple:12>
INFO: Adding Variation: <vending:vendingMachineMultiple:13>
INFO: Adding Variation: <vending:vendingMachineMultiple:14>
INFO: Adding Variation: <vending:vendingMachineMultiple:15>
INFO: Adding Group: Lamps
INFO: Adding Variation: <ProjRed|Illumination:projectred.illumination.lamp>
INFO: Adding Variation: <ProjRed|Illumination:projectred.illumination.lamp:1>
INFO: Adding Variation: <ProjRed|Illumination:projectred.illumination.lamp:2>
INFO: Adding Variation: <ProjRed|Illumination:projectred.illumination.lamp:3>
INFO: Adding Variation: <ProjRed|Illumination:projectred.illumination.lamp:4>
INFO: Adding Variation: <ProjRed|Illumination:projectred.illumination.lamp:5>
INFO: Adding Variation: <ProjRed|Illumination:projectred.illumination.lamp:6>
INFO: Adding Variation: <ProjRed|Illumination:projectred.illumination.lamp:7>
INFO: Adding Variation: <ProjRed|Illumination:projectred.illumination.lamp:8>
INFO: Adding Variation: <ProjRed|Illumination:projectred.illumination.lamp:9>
INFO: Adding Variation: <ProjRed|Illumination:projectred.illumination.lamp:10>
INFO: Adding Variation: <ProjRed|Illumination:projectred.illumination.lamp:11>
INFO: Adding Variation: <ProjRed|Illumination:projectred.illumination.lamp:12>
INFO: Adding Variation: <ProjRed|Illumination:projectred.illumination.lamp:13>
INFO: Adding Variation: <ProjRed|Illumination:projectred.illumination.lamp:14>
INFO: Adding Variation: <ProjRed|Illumination:projectred.illumination.lamp:15>
INFO: Adding Variation: <ProjRed|Illumination:projectred.illumination.lamp:16>
INFO: Adding Variation: <ProjRed|Illumination:projectred.illumination.lamp:17>
INFO: Adding Variation: <ProjRed|Illumination:projectred.illumination.lamp:18>
INFO: Adding Variation: <ProjRed|Illumination:projectred.illumination.lamp:19>
INFO: Adding Variation: <ProjRed|Illumination:projectred.illumination.lamp:20>
INFO: Adding Variation: <ProjRed|Illumination:projectred.illumination.lamp:21>
INFO: Adding Variation: <ProjRed|Illumination:projectred.illumination.lamp:22>
INFO: Adding Variation: <ProjRed|Illumination:projectred.illumination.lamp:23>
INFO: Adding Variation: <ProjRed|Illumination:projectred.illumination.lamp:24>
INFO: Adding Variation: <ProjRed|Illumination:projectred.illumination.lamp:25>
INFO: Adding Variation: <ProjRed|Illumination:projectred.illumination.lamp:26>
INFO: Adding Variation: <ProjRed|Illumination:projectred.illumination.lamp:27>
INFO: Adding Variation: <ProjRed|Illumination:projectred.illumination.lamp:28>
INFO: Adding Variation: <ProjRed|Illumination:projectred.illumination.lamp:29>
INFO: Adding Variation: <ProjRed|Illumination:projectred.illumination.lamp:30>
INFO: Adding Variation: <ProjRed|Illumination:projectred.illumination.lamp:31>
INFO: Adding Group: Lanterns
INFO: Adding Variation: <ProjRed|Illumination:projectred.illumination.lantern>
INFO: Adding Variation: <ProjRed|Illumination:projectred.illumination.lantern:1>
INFO: Adding Variation: <ProjRed|Illumination:projectred.illumination.lantern:2>
INFO: Adding Variation: <ProjRed|Illumination:projectred.illumination.lantern:3>
INFO: Adding Variation: <ProjRed|Illumination:projectred.illumination.lantern:4>
INFO: Adding Variation: <ProjRed|Illumination:projectred.illumination.lantern:5>
INFO: Adding Variation: <ProjRed|Illumination:projectred.illumination.lantern:6>
INFO: Adding Variation: <ProjRed|Illumination:projectred.illumination.lantern:7>
INFO: Adding Variation: <ProjRed|Illumination:projectred.illumination.lantern:8>
INFO: Adding Variation: <ProjRed|Illumination:projectred.illumination.lantern:9>
INFO: Adding Variation: <ProjRed|Illumination:projectred.illumination.lantern:10>
INFO: Adding Variation: <ProjRed|Illumination:projectred.illumination.lantern:11>
INFO: Adding Variation: <ProjRed|Illumination:projectred.illumination.lantern:12>
INFO: Adding Variation: <ProjRed|Illumination:projectred.illumination.lantern:13>
INFO: Adding Variation: <ProjRed|Illumination:projectred.illumination.lantern:14>
INFO: Adding Variation: <ProjRed|Illumination:projectred.illumination.lantern:15>
INFO: Adding Variation: <ProjRed|Illumination:projectred.illumination.lantern.inv>
INFO: Adding Variation: <ProjRed|Illumination:projectred.illumination.lantern.inv:1>
INFO: Adding Variation: <ProjRed|Illumination:projectred.illumination.lantern.inv:2>
INFO: Adding Variation: <ProjRed|Illumination:projectred.illumination.lantern.inv:3>
INFO: Adding Variation: <ProjRed|Illumination:projectred.illumination.lantern.inv:4>
INFO: Adding Variation: <ProjRed|Illumination:projectred.illumination.lantern.inv:5>
INFO: Adding Variation: <ProjRed|Illumination:projectred.illumination.lantern.inv:6>
INFO: Adding Variation: <ProjRed|Illumination:projectred.illumination.lantern.inv:7>
INFO: Adding Variation: <ProjRed|Illumination:projectred.illumination.lantern.inv:8>
INFO: Adding Variation: <ProjRed|Illumination:projectred.illumination.lantern.inv:9>
INFO: Adding Variation: <ProjRed|Illumination:projectred.illumination.lantern.inv:10>
INFO: Adding Variation: <ProjRed|Illumination:projectred.illumination.lantern.inv:11>
INFO: Adding Variation: <ProjRed|Illumination:projectred.illumination.lantern.inv:12>
INFO: Adding Variation: <ProjRed|Illumination:projectred.illumination.lantern.inv:13>
INFO: Adding Variation: <ProjRed|Illumination:projectred.illumination.lantern.inv:14>
INFO: Adding Variation: <ProjRed|Illumination:projectred.illumination.lantern.inv:15>
INFO: [ModTweaker2] Removing 1 Mekanism Metallurgic Infuser Recipe(s) for <Mekanism:OtherDust:1>
INFO: Removing 1 recipes
INFO: Removing 1 recipes
INFO: Removing 0 recipes
INFO: Removing 2 recipes
INFO: Removing 1 recipes
INFO: Removing 1 recipes
INFO: Removing 1 recipes
INFO: Removing 1 recipes
INFO: Removing 1 recipes
INFO: Removing 1 recipes
INFO: Removing 1 recipes
INFO: Removing 1 recipes
INFO: Removing 170 recipes
INFO: Removing 85 recipes
INFO: Removing 85 recipes
INFO: Removing 1 recipes
INFO: Removing 1 recipes
INFO: Removing 1 recipes
INFO: Removing 1 recipes
INFO: Removing 1 recipes
INFO: Removing 1 recipes
INFO: Removing 1 recipes
INFO: Removing 1 recipes
INFO: Removing 1 recipes
INFO: Removing 1 recipes
INFO: Removing 1 recipes
INFO: Removing 1 recipes
INFO: Removing 1 recipes
INFO: Removing 1 recipes
INFO: Removing 1 recipes
INFO: Removing 2 recipes
INFO: Removing 1 recipes
INFO: Removing 1 recipes
INFO: Removing 1 recipes
INFO: Removing 1 recipes
INFO: Removing 1 recipes
INFO: Removing 1 recipes
INFO: Removing 1 recipes
INFO: Removing 1 recipes
INFO: Removing 1 recipes
INFO: Removing 1 recipes
INFO: Removing 1 recipes
INFO: Removing 2 recipes
INFO: Removing 2 recipes
INFO: Removing 1 recipes
INFO: Removing 16 recipes
INFO: Removing 0 recipes
INFO: Removing 1 recipes
INFO: Removing 1 recipes
INFO: Removing 1 recipes
INFO: Removing 1 recipes
INFO: Removing 3 recipes
INFO: Removing 0 recipes
INFO: Removing 8 recipes
INFO: Removing 1 recipes
INFO: Removing 0 recipes
INFO: Removing 0 recipes
INFO: Removing 3 recipes
INFO: Removing 1 recipes
INFO: Removing 2 recipes
INFO: Removing 0 recipes
INFO: Removing 0 recipes
INFO: Removing 1 recipes
INFO: Removing 1 recipes
INFO: Removing 1 recipes
INFO: Removing 1 recipes
INFO: Removing 1 recipes
INFO: Removing 1 recipes
INFO: Removing 1 recipes
INFO: Removing 1 recipes
INFO: Removing 1 recipes
INFO: Removing 1 recipes
INFO: Removing 1 recipes
INFO: Removing 1 recipes
INFO: Removing 1 recipes
INFO: Removing 1 recipes
INFO: Removing 0 recipes
INFO: Removing 1 recipes
INFO: Adding recipe for Time Card
INFO: Adding recipe for Life Shard
INFO: Adding recipe for Transmutation Tablet
INFO: Adding recipe for Transmutation Table
INFO: Adding recipe for Brewing Stand
INFO: Adding recipe for Golden Rod
INFO: Adding recipe for Iron Rod
INFO: Adding recipe for Philosopher's Stone
INFO: Adding recipe for Concentrated Rift Flux
INFO: Adding recipe for Electrum Gear
INFO: Adding recipe for Industrial Information Panel
INFO: Adding recipe for Industrial Information Panel
INFO: Adding recipe for Industrial Information Panel
INFO: Adding recipe for Industrial Information Panel
INFO: Adding recipe for Diamond Gear
INFO: Adding recipe for Diamond Gear
INFO: Adding recipe for Diamond Gear
INFO: Adding recipe for Diamond Gear
INFO: Adding recipe for Diamond Gear
INFO: Adding recipe for Bronze Gear
INFO: Adding recipe for Ferrous Gear
INFO: Adding recipe for Mana Infused Gear
INFO: Adding recipe for Lead Gear
INFO: Adding recipe for Silver Gear
INFO: Adding recipe for Invar Gear
INFO: Adding recipe for Enderium Gear
INFO: Adding recipe for Signalum Gear
INFO: Adding recipe for Lumium Gear
INFO: Adding recipe for Shiny Gear
INFO: Adding recipe for Gold Gear
INFO: Adding recipe for Gold Gear
INFO: Adding recipe for Copper Gear
INFO: Adding recipe for Tin Gear
INFO: Adding recipe for Iron Gear
INFO: Adding recipe for Gold Gear
INFO: Adding recipe for Steel Gear
INFO: Adding recipe for Gold-Plate Gear
INFO: Adding recipe for Dark Matter Furnace
INFO: Adding recipe for Iron Furnace
INFO: Adding recipe for Glider Wing
INFO: Adding recipe for Glider Wing
INFO: Adding recipe for Glider Wing
INFO: Adding recipe for Glider Wing
INFO: Adding recipe for Twilight Forest Portal Catalyst
INFO: Adding recipe for Aurora
INFO: Adding recipe for Portal Spawner
INFO: Adding recipe for Long Fall Boots
INFO: Adding recipe for Backpack Pouch
INFO: Adding recipe for White Backpack
INFO: Adding recipe for Orange Backpack
INFO: Adding recipe for Magenta Backpack
INFO: Adding recipe for Light Blue Backpack
INFO: Adding recipe for Yellow Backpack
INFO: Adding recipe for Lime Backpack
INFO: Adding recipe for Pink Backpack
INFO: Adding recipe for Gray Backpack
INFO: Adding recipe for Silver Backpack
INFO: Adding recipe for Cyan Backpack
INFO: Adding recipe for Purple Backpack
INFO: Adding recipe for Blue Backpack
INFO: Adding recipe for Green Backpack
INFO: Adding recipe for Red Backpack
INFO: Adding recipe for Black Backpack
INFO: Adding recipe for Backpack
INFO: Adding recipe for Personal Anchor
INFO: Adding recipe for Camouflage Paste
INFO: Adding recipe for Camouflage Paste
INFO: Adding recipe for Camouflage Paste
INFO: Adding recipe for Piston
INFO: Adding recipe for Piston
INFO: Adding recipe for Piston
INFO: Adding recipe for Piston
INFO: Adding recipe for Hopper
INFO: Adding recipe for Hopper
INFO: Adding recipe for Hopper
INFO: Adding recipe for Twilight Forest Portal Catalyst
INFO: Adding recipe for Track
INFO: Adding recipe for Quarry
INFO: Adding recipe for Quarry
INFO: Removing Electronic Circuit from ore dictionary entry circuitBasic
INFO: Removing Advanced Circuit from ore dictionary entry circuitAdvanced
INFO: Adding Palaeoraphe Planks to ore dictionary entry plankWood
INFO: Removing Leather from ore dictionary entry itemLeather
INFO: Removing 2 recipes
INFO: Removing 1 recipes
INFO: Removing 1 recipes
INFO: Removing 1 recipes
INFO: Removing 1 recipes
INFO: Removing 4 recipes
INFO: [ModTweaker2] Removing 1 Thermal Expansion Smelter Recipe(s) for <Railcraft:ingot>
INFO: [ModTweaker2] Removing 1 Thermal Expansion Smelter Recipe(s) for <Railcraft:ingot>
INFO: [ModTweaker2] Removing 1 Thermal Expansion Smelter Recipe(s) for <Railcraft:ingot>
INFO: [ModTweaker2] Removing 1 Thermal Expansion Smelter Recipe(s) for <Railcraft:ingot>
INFO: [ModTweaker2] Removing 1 Thermal Expansion Smelter Recipe(s) for <Railcraft:ingot>
INFO: [ModTweaker2] Removing 1 Thermal Expansion Smelter Recipe(s) for <Railcraft:ingot>
