[09:12:08] [main/INFO]: Loading tweak class name cpw.mods.fml.common.launcher.FMLTweaker
[09:12:08] [main/INFO]: Using primary tweak class name cpw.mods.fml.common.launcher.FMLTweaker
[09:12:08] [main/INFO]: Calling tweak class cpw.mods.fml.common.launcher.FMLTweaker
[09:12:08] [main/INFO]: Forge Mod Loader version 7.99.40.1614 for Minecraft 1.7.10 loading
[09:12:08] [main/INFO]: Java is Java HotSpot(TM) 64-Bit Server VM, version 1.8.0_51, running on Windows 10:amd64:10.0, installed at C:\Users\cleve\curseforge\minecraft\Install\runtime\jre-legacy\windows-x64\jre-legacy
[09:12:08] [main/INFO]: [AppEng] Core Init
[09:12:08] [main/INFO]: Loading tweaker me.guichaguri.betterfps.tweaker.BetterFpsTweaker from BetterFps-1.0.1.jar
[09:12:08] [main/WARN]: The coremod codechicken.core.launch.CodeChickenCorePlugin does not have a MCVersion annotation, it may cause issues with this version of Minecraft
[09:12:09] [main/WARN]: The coremod cofh.asm.LoadingPlugin does not have a MCVersion annotation, it may cause issues with this version of Minecraft
[09:12:09] [main/WARN]: The coremod com.austinv11.collectiveframework.minecraft.asm.CollectiveFrameworkEarlyTransformerPlugin does not have a MCVersion annotation, it may cause issues with this version of Minecraft
[09:12:09] [main/INFO]: Injecting transformer...
[09:12:09] [main/WARN]: The coremod pl.asie.foamfix.coremod.FoamFixCore does not have a MCVersion annotation, it may cause issues with this version of Minecraft
[09:12:09] [main/INFO]: Loading tweaker forestry.shade.javacheck.Java7Checker from forestry_1.7.10-4.2.16.64.jar
[09:12:09] [main/WARN]: The coremod codechicken.core.launch.DepLoader does not have a MCVersion annotation, it may cause issues with this version of Minecraft
[09:12:09] [main/WARN]: The coremod mrtjp.relocation.asm.RelocationPlugin does not have a MCVersion annotation, it may cause issues with this version of Minecraft
[09:12:09] [main/WARN]: The coremod micdoodle8.mods.miccore.MicdoodlePlugin does not have a MCVersion annotation, it may cause issues with this version of Minecraft
[09:12:09] [main/INFO]: [micdoodle8.mods.miccore.DepLoader$DepLoadInst:<init>:333]: MicdoodleCore searching for dependencies in mods file: C:\Users\cleve\curseforge\minecraft\Instances\Aidan Is Hard (2)\mods
[09:12:09] [main/WARN]: The coremod mods.immibis.core.ICCoreMod does not have a MCVersion annotation, it may cause issues with this version of Minecraft
[09:12:09] [main/WARN]: The coremod invtweaks.forge.asm.FMLPlugin does not have a MCVersion annotation, it may cause issues with this version of Minecraft
[09:12:09] [main/WARN]: The coremod logisticspipes.asm.LogisticsPipesCoreLoader does not have a MCVersion annotation, it may cause issues with this version of Minecraft
[09:12:09] [main/WARN]: The coremod mekanism.common.asm.LoadingHook does not have a MCVersion annotation, it may cause issues with this version of Minecraft
[09:12:09] [main/WARN]: The coremod mrtjp.core.handler.CorePlugin does not have a MCVersion annotation, it may cause issues with this version of Minecraft
[09:12:09] [main/WARN]: The coremod codechicken.nei.asm.NEICorePlugin does not have a MCVersion annotation, it may cause issues with this version of Minecraft
[09:12:09] [main/WARN]: The coremod openblocks.OpenBlocksCorePlugin does not have a MCVersion annotation, it may cause issues with this version of Minecraft
[09:12:09] [main/WARN]: The coremod openmods.core.OpenModsCorePlugin does not have a MCVersion annotation, it may cause issues with this version of Minecraft
[09:12:09] [main/WARN]: The coremod com.austinv11.peripheralsplusplus.asm.PeripheralsPlusPlusTransformerPlugin does not have a MCVersion annotation, it may cause issues with this version of Minecraft
[09:12:09] [main/WARN]: The coremod codechicken.core.launch.DepLoader does not have a MCVersion annotation, it may cause issues with this version of Minecraft
[09:12:09] [main/WARN]: The coremod lumien.randomthings.Transformer.RTLoadingPlugin does not have a MCVersion annotation, it may cause issues with this version of Minecraft
[09:12:09] [main/WARN]: The coremod lumien.resourceloader.asm.LoadingPlugin does not have a MCVersion annotation, it may cause issues with this version of Minecraft
[09:12:09] [main/WARN]: The coremod codechicken.core.launch.DepLoader does not have a MCVersion annotation, it may cause issues with this version of Minecraft
[09:12:09] [main/INFO]: Loading tweak class name cpw.mods.fml.common.launcher.FMLInjectionAndSortingTweaker
[09:12:09] [main/INFO]: Loading tweak class name me.guichaguri.betterfps.tweaker.BetterFpsTweaker
[09:12:09] [main/INFO]: Loading tweak class name forestry.shade.javacheck.Java7Checker
[09:12:09] [main/INFO]: Loading tweak class name cpw.mods.fml.common.launcher.FMLDeobfTweaker
[09:12:09] [main/INFO]: Calling tweak class cpw.mods.fml.common.launcher.FMLInjectionAndSortingTweaker
[09:12:09] [main/INFO]: Calling tweak class cpw.mods.fml.relauncher.CoreModManager$FMLPluginWrapper
[09:12:09] [main/INFO]: Calling tweak class cpw.mods.fml.common.launcher.FMLInjectionAndSortingTweaker
[09:12:09] [main/INFO]: Calling tweak class cpw.mods.fml.relauncher.CoreModManager$FMLPluginWrapper
[09:12:10] [main/INFO]: Found valid fingerprint for Minecraft Forge. Certificate fingerprint e3c3d50c7c986df74c645c0ac54639741c90a557
[09:12:10] [main/INFO]: Found valid fingerprint for Minecraft. Certificate fingerprint cd99959656f753dc28d863b46769f7f8fbaefcfc
[09:12:10] [main/INFO]: Calling tweak class cpw.mods.fml.relauncher.CoreModManager$FMLPluginWrapper
[09:12:10] [main/INFO]: Calling tweak class cpw.mods.fml.relauncher.CoreModManager$FMLPluginWrapper
[09:12:10] [main/INFO]: Calling tweak class cpw.mods.fml.relauncher.CoreModManager$FMLPluginWrapper
[09:12:10] [main/INFO]: Calling tweak class cpw.mods.fml.relauncher.CoreModManager$FMLPluginWrapper
[09:12:10] [main/INFO]: Calling tweak class cpw.mods.fml.relauncher.CoreModManager$FMLPluginWrapper
[09:12:10] [main/INFO]: Calling tweak class cpw.mods.fml.relauncher.CoreModManager$FMLPluginWrapper
[09:12:10] [main/INFO]: Calling tweak class cpw.mods.fml.relauncher.CoreModManager$FMLPluginWrapper
[09:12:10] [main/INFO]: [micdoodle8.mods.miccore.MicdoodlePlugin:getASMTransformerClass:102]: Successfully Registered Transformer
[09:12:10] [main/INFO]: Failed to find MicdoodleCore file in mods folder, skipping GC version check.
[09:12:10] [main/INFO]: [micdoodle8.mods.miccore.MicdoodlePlugin:injectData:295]: [Micdoodle8Core]: Patching game...
[09:12:10] [main/INFO]: [micdoodle8.mods.miccore.MicdoodlePlugin:injectData:295]: [Micdoodle8Core]: Patching game...
[09:12:10] [main/INFO]: Calling tweak class cpw.mods.fml.relauncher.CoreModManager$FMLPluginWrapper
[09:12:10] [main/INFO]: Attempting to detect JVM version...
[09:12:10] [main/INFO]: Detected JVM: 1.8
[09:12:10] [main/INFO]: Starting library configuration...
[09:12:10] [main/INFO]: [info.inpureprojects.core.API.Utils.Downloader:download:19]: Downloading: http://files.inpureprojects.info/libs/commons-codec-1.9.jar
[09:12:10] [main/INFO]: [java.lang.Throwable$WrappedPrintStream:println:748]: java.net.UnknownHostException: files.inpureprojects.info
[09:12:10] [main/INFO]: [java.lang.Throwable$WrappedPrintStream:println:748]: 	at java.net.AbstractPlainSocketImpl.connect(AbstractPlainSocketImpl.java:184)
[09:12:10] [main/INFO]: [java.lang.Throwable$WrappedPrintStream:println:748]: 	at java.net.PlainSocketImpl.connect(PlainSocketImpl.java:172)
[09:12:10] [main/INFO]: [java.lang.Throwable$WrappedPrintStream:println:748]: 	at java.net.SocksSocketImpl.connect(SocksSocketImpl.java:392)
[09:12:10] [main/INFO]: [java.lang.Throwable$WrappedPrintStream:println:748]: 	at java.net.Socket.connect(Socket.java:589)
[09:12:10] [main/INFO]: [java.lang.Throwable$WrappedPrintStream:println:748]: 	at java.net.Socket.connect(Socket.java:538)
[09:12:10] [main/INFO]: [java.lang.Throwable$WrappedPrintStream:println:748]: 	at sun.net.NetworkClient.doConnect(NetworkClient.java:180)
[09:12:10] [main/INFO]: [java.lang.Throwable$WrappedPrintStream:println:748]: 	at sun.net.www.http.HttpClient.openServer(HttpClient.java:432)
[09:12:10] [main/INFO]: [java.lang.Throwable$WrappedPrintStream:println:748]: 	at sun.net.www.http.HttpClient.openServer(HttpClient.java:527)
[09:12:10] [main/INFO]: [java.lang.Throwable$WrappedPrintStream:println:748]: 	at sun.net.www.http.HttpClient.<init>(HttpClient.java:211)
[09:12:10] [main/INFO]: [java.lang.Throwable$WrappedPrintStream:println:748]: 	at sun.net.www.http.HttpClient.New(HttpClient.java:308)
[09:12:10] [main/INFO]: [java.lang.Throwable$WrappedPrintStream:println:748]: 	at sun.net.www.http.HttpClient.New(HttpClient.java:326)
[09:12:10] [main/INFO]: [java.lang.Throwable$WrappedPrintStream:println:748]: 	at sun.net.www.protocol.http.HttpURLConnection.getNewHttpClient(HttpURLConnection.java:1168)
[09:12:10] [main/INFO]: [java.lang.Throwable$WrappedPrintStream:println:748]: 	at sun.net.www.protocol.http.HttpURLConnection.plainConnect0(HttpURLConnection.java:1104)
[09:12:10] [main/INFO]: [java.lang.Throwable$WrappedPrintStream:println:748]: 	at sun.net.www.protocol.http.HttpURLConnection$6.run(HttpURLConnection.java:988)
[09:12:10] [main/INFO]: [java.lang.Throwable$WrappedPrintStream:println:748]: 	at sun.net.www.protocol.http.HttpURLConnection$6.run(HttpURLConnection.java:986)
[09:12:10] [main/INFO]: [java.lang.Throwable$WrappedPrintStream:println:748]: 	at java.security.AccessController.doPrivileged(Native Method)
[09:12:10] [main/INFO]: [java.lang.Throwable$WrappedPrintStream:println:748]: 	at java.security.AccessController.doPrivileged(AccessController.java:713)
[09:12:10] [main/INFO]: [java.lang.Throwable$WrappedPrintStream:println:748]: 	at sun.net.www.protocol.http.HttpURLConnection.plainConnect(HttpURLConnection.java:985)
[09:12:10] [main/INFO]: [java.lang.Throwable$WrappedPrintStream:println:748]: 	at sun.net.www.protocol.http.HttpURLConnection.connect(HttpURLConnection.java:932)
[09:12:10] [main/INFO]: [java.lang.Throwable$WrappedPrintStream:println:748]: 	at sun.net.www.protocol.http.HttpURLConnection.getInputStream0(HttpURLConnection.java:1512)
[09:12:10] [main/INFO]: [java.lang.Throwable$WrappedPrintStream:println:748]: 	at sun.net.www.protocol.http.HttpURLConnection.access$200(HttpURLConnection.java:90)
[09:12:10] [main/INFO]: [java.lang.Throwable$WrappedPrintStream:println:748]: 	at sun.net.www.protocol.http.HttpURLConnection$9.run(HttpURLConnection.java:1432)
[09:12:10] [main/INFO]: [java.lang.Throwable$WrappedPrintStream:println:748]: 	at sun.net.www.protocol.http.HttpURLConnection$9.run(HttpURLConnection.java:1430)
[09:12:10] [main/INFO]: [java.lang.Throwable$WrappedPrintStream:println:748]: 	at java.security.AccessController.doPrivileged(Native Method)
[09:12:10] [main/INFO]: [java.lang.Throwable$WrappedPrintStream:println:748]: 	at java.security.AccessController.doPrivileged(AccessController.java:713)
[09:12:10] [main/INFO]: [java.lang.Throwable$WrappedPrintStream:println:748]: 	at sun.net.www.protocol.http.HttpURLConnection.getInputStream(HttpURLConnection.java:1429)
[09:12:10] [main/INFO]: [java.lang.Throwable$WrappedPrintStream:println:748]: 	at java.net.URL.openStream(URL.java:1038)
[09:12:10] [main/INFO]: [java.lang.Throwable$WrappedPrintStream:println:748]: 	at org.apache.commons.io.FileUtils.copyURLToFile(FileUtils.java:1460)
[09:12:10] [main/INFO]: [java.lang.Throwable$WrappedPrintStream:println:748]: 	at info.inpureprojects.core.API.Utils.Downloader.download(Downloader.java:20)
[09:12:10] [main/INFO]: [java.lang.Throwable$WrappedPrintStream:println:748]: 	at info.inpureprojects.core.Preloader.INpurePreLoader.injectData(INpurePreLoader.java:80)
[09:12:10] [main/INFO]: [java.lang.Throwable$WrappedPrintStream:println:748]: 	at cpw.mods.fml.relauncher.CoreModManager$FMLPluginWrapper.injectIntoClassLoader(CoreModManager.java:119)
[09:12:10] [main/INFO]: [java.lang.Throwable$WrappedPrintStream:println:748]: 	at net.minecraft.launchwrapper.Launch.launch(Launch.java:115)
[09:12:10] [main/INFO]: [java.lang.Throwable$WrappedPrintStream:println:748]: 	at net.minecraft.launchwrapper.Launch.main(Launch.java:28)
[09:12:10] [main/INFO]: [info.inpureprojects.core.API.Utils.Downloader:download:19]: Downloading: http://files.inpureprojects.info/libs/commons-compress-1.8.1.jar
[09:12:10] [main/INFO]: [java.lang.Throwable$WrappedPrintStream:println:748]: java.net.UnknownHostException: files.inpureprojects.info
[09:12:10] [main/INFO]: [java.lang.Throwable$WrappedPrintStream:println:748]: 	at java.net.AbstractPlainSocketImpl.connect(AbstractPlainSocketImpl.java:184)
[09:12:10] [main/INFO]: [java.lang.Throwable$WrappedPrintStream:println:748]: 	at java.net.PlainSocketImpl.connect(PlainSocketImpl.java:172)
[09:12:10] [main/INFO]: [java.lang.Throwable$WrappedPrintStream:println:748]: 	at java.net.SocksSocketImpl.connect(SocksSocketImpl.java:392)
[09:12:10] [main/INFO]: [java.lang.Throwable$WrappedPrintStream:println:748]: 	at java.net.Socket.connect(Socket.java:589)
[09:12:10] [main/INFO]: [java.lang.Throwable$WrappedPrintStream:println:748]: 	at java.net.Socket.connect(Socket.java:538)
[09:12:10] [main/INFO]: [java.lang.Throwable$WrappedPrintStream:println:748]: 	at sun.net.NetworkClient.doConnect(NetworkClient.java:180)
[09:12:10] [main/INFO]: [java.lang.Throwable$WrappedPrintStream:println:748]: 	at sun.net.www.http.HttpClient.openServer(HttpClient.java:432)
[09:12:10] [main/INFO]: [java.lang.Throwable$WrappedPrintStream:println:748]: 	at sun.net.www.http.HttpClient.openServer(HttpClient.java:527)
[09:12:10] [main/INFO]: [java.lang.Throwable$WrappedPrintStream:println:748]: 	at sun.net.www.http.HttpClient.<init>(HttpClient.java:211)
[09:12:10] [main/INFO]: [java.lang.Throwable$WrappedPrintStream:println:748]: 	at sun.net.www.http.HttpClient.New(HttpClient.java:308)
[09:12:10] [main/INFO]: [java.lang.Throwable$WrappedPrintStream:println:748]: 	at sun.net.www.http.HttpClient.New(HttpClient.java:326)
[09:12:10] [main/INFO]: [java.lang.Throwable$WrappedPrintStream:println:748]: 	at sun.net.www.protocol.http.HttpURLConnection.getNewHttpClient(HttpURLConnection.java:1168)
[09:12:10] [main/INFO]: [java.lang.Throwable$WrappedPrintStream:println:748]: 	at sun.net.www.protocol.http.HttpURLConnection.plainConnect0(HttpURLConnection.java:1104)
[09:12:10] [main/INFO]: [java.lang.Throwable$WrappedPrintStream:println:748]: 	at sun.net.www.protocol.http.HttpURLConnection$6.run(HttpURLConnection.java:988)
[09:12:10] [main/INFO]: [java.lang.Throwable$WrappedPrintStream:println:748]: 	at sun.net.www.protocol.http.HttpURLConnection$6.run(HttpURLConnection.java:986)
[09:12:10] [main/INFO]: [java.lang.Throwable$WrappedPrintStream:println:748]: 	at java.security.AccessController.doPrivileged(Native Method)
[09:12:10] [main/INFO]: [java.lang.Throwable$WrappedPrintStream:println:748]: 	at java.security.AccessController.doPrivileged(AccessController.java:713)
[09:12:10] [main/INFO]: [java.lang.Throwable$WrappedPrintStream:println:748]: 	at sun.net.www.protocol.http.HttpURLConnection.plainConnect(HttpURLConnection.java:985)
[09:12:10] [main/INFO]: [java.lang.Throwable$WrappedPrintStream:println:748]: 	at sun.net.www.protocol.http.HttpURLConnection.connect(HttpURLConnection.java:932)
[09:12:10] [main/INFO]: [java.lang.Throwable$WrappedPrintStream:println:748]: 	at sun.net.www.protocol.http.HttpURLConnection.getInputStream0(HttpURLConnection.java:1512)
[09:12:10] [main/INFO]: [java.lang.Throwable$WrappedPrintStream:println:748]: 	at sun.net.www.protocol.http.HttpURLConnection.access$200(HttpURLConnection.java:90)
[09:12:10] [main/INFO]: [java.lang.Throwable$WrappedPrintStream:println:748]: 	at sun.net.www.protocol.http.HttpURLConnection$9.run(HttpURLConnection.java:1432)
[09:12:10] [main/INFO]: [java.lang.Throwable$WrappedPrintStream:println:748]: 	at sun.net.www.protocol.http.HttpURLConnection$9.run(HttpURLConnection.java:1430)
[09:12:10] [main/INFO]: [java.lang.Throwable$WrappedPrintStream:println:748]: 	at java.security.AccessController.doPrivileged(Native Method)
[09:12:10] [main/INFO]: [java.lang.Throwable$WrappedPrintStream:println:748]: 	at java.security.AccessController.doPrivileged(AccessController.java:713)
[09:12:10] [main/INFO]: [java.lang.Throwable$WrappedPrintStream:println:748]: 	at sun.net.www.protocol.http.HttpURLConnection.getInputStream(HttpURLConnection.java:1429)
[09:12:10] [main/INFO]: [java.lang.Throwable$WrappedPrintStream:println:748]: 	at java.net.URL.openStream(URL.java:1038)
[09:12:10] [main/INFO]: [java.lang.Throwable$WrappedPrintStream:println:748]: 	at org.apache.commons.io.FileUtils.copyURLToFile(FileUtils.java:1460)
[09:12:10] [main/INFO]: [java.lang.Throwable$WrappedPrintStream:println:748]: 	at info.inpureprojects.core.API.Utils.Downloader.download(Downloader.java:20)
[09:12:10] [main/INFO]: [java.lang.Throwable$WrappedPrintStream:println:748]: 	at info.inpureprojects.core.Preloader.INpurePreLoader.injectData(INpurePreLoader.java:80)
[09:12:10] [main/INFO]: [java.lang.Throwable$WrappedPrintStream:println:748]: 	at cpw.mods.fml.relauncher.CoreModManager$FMLPluginWrapper.injectIntoClassLoader(CoreModManager.java:119)
[09:12:10] [main/INFO]: [java.lang.Throwable$WrappedPrintStream:println:748]: 	at net.minecraft.launchwrapper.Launch.launch(Launch.java:115)
[09:12:10] [main/INFO]: [java.lang.Throwable$WrappedPrintStream:println:748]: 	at net.minecraft.launchwrapper.Launch.main(Launch.java:28)
[09:12:10] [main/INFO]: System attached to FML. Now intercepting all logging calls.
[09:12:10] [main/INFO]: Calling tweak class cpw.mods.fml.relauncher.CoreModManager$FMLPluginWrapper
[09:12:10] [main/INFO]: Calling tweak class cpw.mods.fml.relauncher.CoreModManager$FMLPluginWrapper
[09:12:10] [main/INFO]: Calling tweak class cpw.mods.fml.relauncher.CoreModManager$FMLPluginWrapper
[09:12:10] [main/INFO]: Calling tweak class cpw.mods.fml.relauncher.CoreModManager$FMLPluginWrapper
[09:12:10] [main/INFO]: Calling tweak class cpw.mods.fml.relauncher.CoreModManager$FMLPluginWrapper
[09:12:10] [main/INFO]: Calling tweak class cpw.mods.fml.relauncher.CoreModManager$FMLPluginWrapper
[09:12:10] [main/INFO]: Calling tweak class cpw.mods.fml.relauncher.CoreModManager$FMLPluginWrapper
[09:12:10] [main/INFO]: Calling tweak class cpw.mods.fml.relauncher.CoreModManager$FMLPluginWrapper
[09:12:10] [main/INFO]: Calling tweak class forestry.shade.javacheck.Java7Checker
[09:12:10] [main/INFO]: Calling tweak class cpw.mods.fml.relauncher.CoreModManager$FMLPluginWrapper
[09:12:10] [main/INFO]: Calling tweak class cpw.mods.fml.relauncher.CoreModManager$FMLPluginWrapper
[09:12:10] [main/INFO]: Calling tweak class cpw.mods.fml.relauncher.CoreModManager$FMLPluginWrapper
[09:12:10] [main/INFO]: Calling tweak class me.guichaguri.betterfps.tweaker.BetterFpsTweaker
[09:12:10] [main/INFO]: Calling tweak class cpw.mods.fml.common.launcher.FMLDeobfTweaker
[09:12:10] [main/INFO]: Calling tweak class cpw.mods.fml.relauncher.CoreModManager$FMLPluginWrapper
[09:12:10] [main/INFO]: Attempting to discover integration callbacks in coremods...
[09:12:10] [main/INFO]: Beginning early config parsing...
[09:12:10] [main/INFO]: Finished config parsing.
[09:12:10] [main/INFO]: Calling tweak class cpw.mods.fml.relauncher.CoreModManager$FMLPluginWrapper
[09:12:10] [main/INFO]: Calling tweak class cpw.mods.fml.relauncher.CoreModManager$FMLPluginWrapper
[09:12:10] [main/INFO]: Starting to apply transformations
[09:12:10] [main/INFO]: Starting to apply transformations
[09:12:10] [main/INFO]: Calling tweak class cpw.mods.fml.relauncher.CoreModManager$FMLPluginWrapper
[09:12:10] [main/INFO]: Calling tweak class cpw.mods.fml.relauncher.CoreModManager$FMLPluginWrapper
[09:12:11] [main/INFO]: Calling tweak class cpw.mods.fml.relauncher.CoreModManager$FMLPluginWrapper
[09:12:11] [main/INFO]: Mojang-patched JndiLookup class detected; skipping Log4JExploitFix...
[09:12:11] [main/INFO]: Calling tweak class cpw.mods.fml.relauncher.CoreModManager$FMLPluginWrapper
[09:12:11] [main/INFO]: Calling tweak class cpw.mods.fml.relauncher.CoreModManager$FMLPluginWrapper
[09:12:11] [main/INFO]: Found runtime patcher net.ilexiconn.llibrary.server.core.patcher.LLibraryRuntimePatcher
[09:12:11] [main/INFO]: Calling tweak class cpw.mods.fml.relauncher.CoreModManager$FMLPluginWrapper
[09:12:11] [main/INFO]: Calling tweak class cpw.mods.fml.relauncher.CoreModManager$FMLPluginWrapper
[09:12:11] [main/INFO]: Calling tweak class cpw.mods.fml.relauncher.CoreModManager$FMLPluginWrapper
[09:12:11] [main/INFO]: Calling tweak class cpw.mods.fml.relauncher.CoreModManager$FMLPluginWrapper
[09:12:11] [main/INFO]: Calling tweak class cpw.mods.fml.relauncher.CoreModManager$FMLPluginWrapper
[09:12:11] [main/INFO]: Calling tweak class cpw.mods.fml.relauncher.CoreModManager$FMLPluginWrapper
[09:12:11] [main/INFO]: Calling tweak class cpw.mods.fml.relauncher.CoreModManager$FMLPluginWrapper
[09:12:11] [main/INFO]: Loading tweak class name cpw.mods.fml.common.launcher.TerminalTweaker
[09:12:11] [main/INFO]: Calling tweak class cpw.mods.fml.common.launcher.TerminalTweaker
[09:12:11] [main/INFO]: Launching wrapped minecraft {net.minecraft.client.main.Main}
[09:12:11] [main/INFO]: Patching Game Start...
[09:12:11] [main/INFO]: [micdoodle8.mods.miccore.MicdoodleTransformer:printLog:1992]: Galacticraft successfully injected bytecode into: ahb (1 / 1)
[09:12:11] [main/INFO]: Found World Class: net/minecraft/world/World
[09:12:11] [main/INFO]: [micdoodle8.mods.miccore.MicdoodleTransformer:printLog:1992]: Galacticraft successfully injected bytecode into: sv (1 / 1)
[09:12:11] [main/INFO]: [micdoodle8.mods.miccore.MicdoodleTransformer:printLog:1992]: Galacticraft successfully injected bytecode into: sa (1 / 1)
[09:12:11] [main/INFO]: Spliced in METHOD: net.minecraft.entity.EntityLivingBase.func_70620_b
[09:12:11] [main/INFO]: [EntityHeldItemNBTRenderFix] Applied transform!
[09:12:11] [main/INFO]: [SnowballFix] Found target method
[09:12:11] [main/INFO]: [SnowballFix] Removed instructions
[09:12:11] [main/INFO]: [SnowballFix] Applied transform!
[09:12:11] [main/INFO]: [HeartBlinkFix] Found target method
[09:12:11] [main/INFO]: [HeartBlinkFix] Found entry point
[09:12:11] [main/INFO]: [HeartBlinkFix] Applied transform!
[09:12:11] [main/INFO]: [HeartFlashFix] Found target method
[09:12:11] [main/INFO]: [HeartFlashFix] Found entry point
[09:12:11] [main/INFO]: [HeartFlashFix] Applied transform!
[09:12:11] [main/INFO]: [micdoodle8.mods.miccore.MicdoodleTransformer:printLog:1992]: Galacticraft successfully injected bytecode into: bdi (1 / 1)
[09:12:11] [main/INFO]: Spliced in METHOD: net.minecraft.client.gui.GuiChat.func_146407_a
[09:12:11] [main/INFO]: [LinuxGuiChatBrowsePatch] Applied transform!
[09:12:12] [main/INFO]: [brad16840.core.ClassTransformer:patchGuiContainer:204]: Backpacks! has patched GuiContainer to allow its backpacks to be opened from vanilla guis
[09:12:12] [main/INFO]: func_146977_a(Lnet/minecraft/inventory/Slot;)V - Transformed
[09:12:12] [main/INFO]: func_146977_a_original(Lnet/minecraft/inventory/Slot;)V - New Method
[09:12:12] [main/INFO]: func_146977_a(Lnet/minecraft/inventory/Slot;)V - Invoke Virtual
[09:12:12] [main/INFO]: Patching class net/minecraft/server/MinecraftServer
[09:12:12] [main/INFO]:    Patching method run()V
[09:12:12] [main/INFO]: Setting user: Brirro
[09:12:12] [main/INFO]: [micdoodle8.mods.miccore.MicdoodleTransformer:printLog:1992]: Galacticraft successfully injected bytecode into: xk (1 / 1)
[09:12:12] [main/INFO]: [GhostBusterFix/net.minecraft.block.BlockDynamicLiquid] Found target method
[09:12:12] [main/INFO]: [GhostBusterFix/net.minecraft.block.BlockDynamicLiquid] Added ghost buster patch (radius = 4) in func_149674_a
[09:12:12] [main/INFO]: [GhostBusterFix/net.minecraft.block.BlockDynamicLiquid] Applied transform!
[09:12:12] [main/INFO]: [GhostBusterWrapStaticLiquid/func_149674_a] Found target method
[09:12:12] [main/INFO]: [GhostBusterWrapStaticLiquid/func_149674_a] Applying wrapper to func_147439_a!
[09:12:12] [main/INFO]: [GhostBusterWrapStaticLiquid/func_149674_a] Applying wrapper to func_147437_c!
[09:12:12] [main/INFO]: [GhostBusterWrapStaticLiquid/func_149674_a] Applied transform!
[09:12:12] [main/INFO]: [GhostBusterWrapStaticLiquid/func_149817_o] Found target method
[09:12:12] [main/INFO]: [GhostBusterWrapStaticLiquid/func_149817_o] Applying wrapper to func_147439_a!
[09:12:12] [main/INFO]: [GhostBusterWrapStaticLiquid/func_149817_o] Applied transform!
[09:12:12] [main/INFO]: Found Item Class: net/minecraft/item/Item
[09:12:12] [main/INFO]: [GhostBusterFix/net.minecraft.block.BlockGrass] Found target method
[09:12:12] [main/INFO]: [GhostBusterFix/net.minecraft.block.BlockGrass] Added ghost buster patch (radius = 3) in func_149674_a
[09:12:12] [main/INFO]: [GhostBusterFix/net.minecraft.block.BlockGrass] Applied transform!
[09:12:13] [main/INFO]: Found Leave Class: net/minecraft/block/BlockLeavesBase
[09:12:13] [main/INFO]: Attempting to patch class net.minecraft.block.BlockOldLeaf...
[09:12:13] [main/INFO]: Successfully patched func_149720_d in net.minecraft.block.BlockOldLeaf
[09:12:14] [main/INFO]: [GhostBusterFix/net.minecraft.block.BlockVine] Found target method
[09:12:14] [main/INFO]: [GhostBusterFix/net.minecraft.block.BlockVine] Added ghost buster patch (radius = 4) in func_149674_a
[09:12:14] [main/INFO]: [GhostBusterFix/net.minecraft.block.BlockVine] Applied transform!
[09:12:15] [main/INFO]: [micdoodle8.mods.miccore.MicdoodleTransformer:printLog:1992]: Galacticraft successfully injected bytecode into: zc (1 / 1)
[09:12:15] [main/INFO]: Transforming Class [net.minecraft.entity.projectile.EntityArrow], Method [func_70071_h_]
[09:12:15] [main/INFO]: Transforming net.minecraft.entity.projectile.EntityArrow Finished.
[09:12:15] [main/INFO]: [BoatDesyncFix] Found target method
[09:12:15] [main/INFO]: [BoatDesyncFix] Found entry point
[09:12:15] [main/INFO]: [BoatDesyncFix] Thanks to jonathan2520 on Mojira for the quick fix!
[09:12:15] [main/INFO]: [BoatDesyncFix] Applied transform!
[09:12:15] [main/INFO]: [BoatDesyncFix|Extra] Found target method
[09:12:15] [main/INFO]: [BoatDesyncFix|Extra] Found entry point
[09:12:15] [main/INFO]: [BoatDesyncFix|Extra] Applied transform!
[09:12:16] [main/INFO]: Transforming class: net.minecraft.item.ItemStack
[09:12:16] [main/INFO]: Transforming Class [net.minecraft.item.ItemStack], Method [func_77953_t]
[09:12:16] [main/INFO]: Transforming net.minecraft.item.ItemStack Finished.
[09:12:16] [main/INFO]: InvTweaks: net.minecraft.inventory.Container
[09:12:16] [main/INFO]: InvTweaks: net.minecraft.inventory.ContainerFurnace
[09:12:16] [main/INFO]: Transforming Class [net.minecraft.inventory.ContainerFurnace], Method [func_82846_b]
[09:12:16] [main/INFO]: Transforming net.minecraft.inventory.ContainerFurnace Finished.
[09:12:16] [main/INFO]: Patching Minecraft using Riven's "Half" Algorithm
[09:12:18] [Client thread/INFO]: Patching Key Event...
[09:12:18] [Client thread/INFO]: LWJGL Version: 2.9.1
[09:12:18] [Client thread/INFO]: [micdoodle8.mods.miccore.MicdoodleTransformer:printLog:1992]: Galacticraft successfully injected bytecode into: net/minecraftforge/client/ForgeHooksClient (1 / 1)
[09:12:18] [Client thread/INFO]: transforming: net.minecraft.client.renderer.RenderBlocks
[09:12:18] [Client thread/INFO]: blm net.minecraft.client.renderer.RenderBlocks b (Laji;III)Z
[09:12:18] [Client thread/INFO]: Found 1 fields to add to net/minecraft/world/biome/WorldChunkManager
[09:12:19] [Client thread/INFO]: Patching class net/minecraft/client/resources/Locale
[09:12:19] [Client thread/INFO]:    Patching method func_135022_a(Lnet/minecraft/client/resources/IResourceManager;Ljava/util/List;)V
[09:12:19] [Client thread/INFO]: Attempting early MinecraftForge initialization
[09:12:19] [Client thread/INFO]: MinecraftForge v10.13.4.1614 Initialized
[09:12:19] [Client thread/INFO]: Replaced 183 ore recipies
[09:12:19] [Client thread/INFO]: Completed early MinecraftForge initialization
[09:12:19] [Client thread/INFO]: [AppEng] Core Init
[09:12:19] [Client thread/INFO]: [JarDiscovererMemoryLeakFix] Found target method
[09:12:19] [Client thread/INFO]: [JarDiscovererMemoryLeakFix] Applied transform!
[09:12:19] [Client thread/INFO]: Found 0 mods from the command line. Injecting into mod discoverer
[09:12:19] [Client thread/INFO]: Searching C:\Users\cleve\curseforge\minecraft\Instances\Aidan Is Hard (2)\mods for mods
[09:12:19] [Client thread/INFO]: Also searching C:\Users\cleve\curseforge\minecraft\Instances\Aidan Is Hard (2)\mods\1.7.10 for mods
[09:12:22] [Client thread/INFO]: Mod AppleCore is missing the required element 'name'. Substituting AppleCore
[09:12:23] [Client thread/WARN]: Mod betterbuilderswands is missing the required element 'version' and a version.properties file could not be found. Falling back to metadata version 0.8.1
[09:12:23] [Client thread/WARN]: Mod BinnieCore is missing the required element 'version' and a version.properties file could not be found. Falling back to metadata version 2.0.22.7
[09:12:23] [Client thread/WARN]: Mod Botany is missing the required element 'version' and a version.properties file could not be found. Falling back to metadata version 2.0.22.7
[09:12:23] [Client thread/WARN]: Mod ExtraTrees is missing the required element 'version' and a version.properties file could not be found. Falling back to metadata version 2.0.22.7
[09:12:23] [Client thread/WARN]: Mod Genetics is missing the required element 'version' and a version.properties file could not be found. Falling back to metadata version 2.0.22.7
[09:12:23] [Client thread/WARN]: Mod ExtraBees is missing the required element 'version' and a version.properties file could not be found. Falling back to metadata version 2.0.22.7
[09:12:23] [Client thread/WARN]: Mod cookingbook is missing the required element 'version' and a version.properties file could not be found. Falling back to metadata version 1.0.140
[09:12:24] [Client thread/INFO]: Mod debug is missing the required element 'name'. Substituting debug
[09:12:24] [Client thread/WARN]: Mod debug is missing the required element 'version' and no fallback can be found. Substituting '1.0'.
[09:12:24] [Client thread/INFO]: Attempting to reparse the mod container DimensionalDoors-2.2.5-test9.jar
[09:12:24] [Client thread/INFO]: Mod ElecCore is missing the required element 'name'. Substituting ElecCore
[09:12:25] [Client thread/INFO]: Attempting to reparse the mod container Invasion-1.7.10-1.2.0 (1).jar
[09:12:25] [Client thread/ERROR]: Unable to read a class file correctly
java.lang.IllegalArgumentException
	at org.objectweb.asm.ClassReader.<init>(Unknown Source) ~[asm-all-5.0.3.jar:5.0.3]
	at org.objectweb.asm.ClassReader.<init>(Unknown Source) ~[asm-all-5.0.3.jar:5.0.3]
	at org.objectweb.asm.ClassReader.<init>(Unknown Source) ~[asm-all-5.0.3.jar:5.0.3]
	at cpw.mods.fml.common.discovery.asm.ASMModParser.<init>(ASMModParser.java:52) [ASMModParser.class:?]
	at cpw.mods.fml.common.discovery.JarDiscoverer.discover(JarDiscoverer.java:72) [JarDiscoverer.class:?]
	at cpw.mods.fml.common.discovery.ContainerType.findMods(ContainerType.java:42) [ContainerType.class:?]
	at cpw.mods.fml.common.discovery.ModCandidate.explore(ModCandidate.java:71) [ModCandidate.class:?]
	at cpw.mods.fml.common.discovery.ModDiscoverer.identifyMods(ModDiscoverer.java:131) [ModDiscoverer.class:?]
	at cpw.mods.fml.common.Loader.identifyMods(Loader.java:364) [Loader.class:?]
	at cpw.mods.fml.common.Loader.loadMods(Loader.java:489) [Loader.class:?]
	at cpw.mods.fml.client.FMLClientHandler.beginMinecraftLoading(FMLClientHandler.java:208) [FMLClientHandler.class:?]
	at net.minecraft.client.Minecraft.func_71384_a(Minecraft.java:480) [bao.class:?]
	at net.minecraft.client.Minecraft.func_99999_d(Minecraft.java:878) [bao.class:?]
	at net.minecraft.client.main.Main.main(SourceFile:148) [Main.class:?]
	at sun.reflect.NativeMethodAccessorImpl.invoke0(Native Method) ~[?:1.8.0_51]
	at sun.reflect.NativeMethodAccessorImpl.invoke(NativeMethodAccessorImpl.java:62) ~[?:1.8.0_51]
	at sun.reflect.DelegatingMethodAccessorImpl.invoke(DelegatingMethodAccessorImpl.java:43) ~[?:1.8.0_51]
	at java.lang.reflect.Method.invoke(Method.java:497) ~[?:1.8.0_51]
	at net.minecraft.launchwrapper.Launch.launch(Launch.java:135) [launchwrapper-1.12.jar:?]
	at net.minecraft.launchwrapper.Launch.main(Launch.java:28) [launchwrapper-1.12.jar:?]
[09:12:25] [Client thread/ERROR]: There was a problem reading the entry META-INF/versions/9/module-info.class in the jar C:\Users\cleve\curseforge\minecraft\Instances\Aidan Is Hard (2)\mods\journeymap-1.7.10-5.2.3-unlimited.jar - probably a corrupt zip
cpw.mods.fml.common.LoaderException: java.lang.IllegalArgumentException

	at cpw.mods.fml.common.discovery.asm.ASMModParser.<init>(ASMModParser.java:58) ~[ASMModParser.class:?]
	at cpw.mods.fml.common.discovery.JarDiscoverer.discover(JarDiscoverer.java:72) [JarDiscoverer.class:?]
	at cpw.mods.fml.common.discovery.ContainerType.findMods(ContainerType.java:42) [ContainerType.class:?]
	at cpw.mods.fml.common.discovery.ModCandidate.explore(ModCandidate.java:71) [ModCandidate.class:?]
	at cpw.mods.fml.common.discovery.ModDiscoverer.identifyMods(ModDiscoverer.java:131) [ModDiscoverer.class:?]
	at cpw.mods.fml.common.Loader.identifyMods(Loader.java:364) [Loader.class:?]
	at cpw.mods.fml.common.Loader.loadMods(Loader.java:489) [Loader.class:?]
	at cpw.mods.fml.client.FMLClientHandler.beginMinecraftLoading(FMLClientHandler.java:208) [FMLClientHandler.class:?]
	at net.minecraft.client.Minecraft.func_71384_a(Minecraft.java:480) [bao.class:?]
	at net.minecraft.client.Minecraft.func_99999_d(Minecraft.java:878) [bao.class:?]
	at net.minecraft.client.main.Main.main(SourceFile:148) [Main.class:?]
	at sun.reflect.NativeMethodAccessorImpl.invoke0(Native Method) ~[?:1.8.0_51]
	at sun.reflect.NativeMethodAccessorImpl.invoke(NativeMethodAccessorImpl.java:62) ~[?:1.8.0_51]
	at sun.reflect.DelegatingMethodAccessorImpl.invoke(DelegatingMethodAccessorImpl.java:43) ~[?:1.8.0_51]
	at java.lang.reflect.Method.invoke(Method.java:497) ~[?:1.8.0_51]
	at net.minecraft.launchwrapper.Launch.launch(Launch.java:135) [launchwrapper-1.12.jar:?]
	at net.minecraft.launchwrapper.Launch.main(Launch.java:28) [launchwrapper-1.12.jar:?]
Caused by: java.lang.IllegalArgumentException
	at org.objectweb.asm.ClassReader.<init>(Unknown Source) ~[asm-all-5.0.3.jar:5.0.3]
	at org.objectweb.asm.ClassReader.<init>(Unknown Source) ~[asm-all-5.0.3.jar:5.0.3]
	at org.objectweb.asm.ClassReader.<init>(Unknown Source) ~[asm-all-5.0.3.jar:5.0.3]
	at cpw.mods.fml.common.discovery.asm.ASMModParser.<init>(ASMModParser.java:52) ~[ASMModParser.class:?]
	... 16 more
[09:12:25] [Client thread/WARN]: Zip file journeymap-1.7.10-5.2.3-unlimited.jar failed to read properly, it will be ignored
cpw.mods.fml.common.LoaderException: java.lang.IllegalArgumentException

	at cpw.mods.fml.common.discovery.asm.ASMModParser.<init>(ASMModParser.java:58) ~[ASMModParser.class:?]
	at cpw.mods.fml.common.discovery.JarDiscoverer.discover(JarDiscoverer.java:72) [JarDiscoverer.class:?]
	at cpw.mods.fml.common.discovery.ContainerType.findMods(ContainerType.java:42) [ContainerType.class:?]
	at cpw.mods.fml.common.discovery.ModCandidate.explore(ModCandidate.java:71) [ModCandidate.class:?]
	at cpw.mods.fml.common.discovery.ModDiscoverer.identifyMods(ModDiscoverer.java:131) [ModDiscoverer.class:?]
	at cpw.mods.fml.common.Loader.identifyMods(Loader.java:364) [Loader.class:?]
	at cpw.mods.fml.common.Loader.loadMods(Loader.java:489) [Loader.class:?]
	at cpw.mods.fml.client.FMLClientHandler.beginMinecraftLoading(FMLClientHandler.java:208) [FMLClientHandler.class:?]
	at net.minecraft.client.Minecraft.func_71384_a(Minecraft.java:480) [bao.class:?]
	at net.minecraft.client.Minecraft.func_99999_d(Minecraft.java:878) [bao.class:?]
	at net.minecraft.client.main.Main.main(SourceFile:148) [Main.class:?]
	at sun.reflect.NativeMethodAccessorImpl.invoke0(Native Method) ~[?:1.8.0_51]
	at sun.reflect.NativeMethodAccessorImpl.invoke(NativeMethodAccessorImpl.java:62) ~[?:1.8.0_51]
	at sun.reflect.DelegatingMethodAccessorImpl.invoke(DelegatingMethodAccessorImpl.java:43) ~[?:1.8.0_51]
	at java.lang.reflect.Method.invoke(Method.java:497) ~[?:1.8.0_51]
	at net.minecraft.launchwrapper.Launch.launch(Launch.java:135) [launchwrapper-1.12.jar:?]
	at net.minecraft.launchwrapper.Launch.main(Launch.java:28) [launchwrapper-1.12.jar:?]
Caused by: java.lang.IllegalArgumentException
	at org.objectweb.asm.ClassReader.<init>(Unknown Source) ~[asm-all-5.0.3.jar:5.0.3]
	at org.objectweb.asm.ClassReader.<init>(Unknown Source) ~[asm-all-5.0.3.jar:5.0.3]
	at org.objectweb.asm.ClassReader.<init>(Unknown Source) ~[asm-all-5.0.3.jar:5.0.3]
	at cpw.mods.fml.common.discovery.asm.ASMModParser.<init>(ASMModParser.java:52) ~[ASMModParser.class:?]
	... 16 more
[09:12:26] [Client thread/WARN]: Mod MTRM is missing the required element 'version' and no fallback can be found. Substituting '1.0'.
[09:12:26] [Client thread/WARN]: Mod netherportalfix is missing the required element 'version' and no fallback can be found. Substituting '1.0'.
[09:12:26] [Client thread/WARN]: Mod ProjRed|Core is missing the required element 'version' and a version.properties file could not be found. Falling back to metadata version 4.7.0pre12.95
[09:12:26] [Client thread/WARN]: Mod ProjRed|Compatibility is missing the required element 'version' and a version.properties file could not be found. Falling back to metadata version 4.7.0pre12.95
[09:12:26] [Client thread/WARN]: Mod ProjRed|Integration is missing the required element 'version' and a version.properties file could not be found. Falling back to metadata version 4.7.0pre12.95
[09:12:26] [Client thread/WARN]: Mod ProjRed|Transmission is missing the required element 'version' and a version.properties file could not be found. Falling back to metadata version 4.7.0pre12.95
[09:12:26] [Client thread/WARN]: Mod ProjRed|Illumination is missing the required element 'version' and a version.properties file could not be found. Falling back to metadata version 4.7.0pre12.95
[09:12:26] [Client thread/WARN]: Mod ProjRed|Expansion is missing the required element 'version' and a version.properties file could not be found. Falling back to metadata version 4.7.0pre12.95
[09:12:26] [Client thread/WARN]: Mod ProjRed|Transportation is missing the required element 'version' and a version.properties file could not be found. Falling back to metadata version 4.7.0pre12.95
[09:12:27] [Client thread/WARN]: Mod WR-CBE|Core is missing the required element 'version' and a version.properties file could not be found. Falling back to metadata version 1.4.1.9
[09:12:27] [Client thread/WARN]: Mod WR-CBE|Addons is missing the required element 'version' and a version.properties file could not be found. Falling back to metadata version 1.4.1.9
[09:12:27] [Client thread/WARN]: Mod WR-CBE|Logic is missing the required element 'version' and a version.properties file could not be found. Falling back to metadata version 1.4.1.9
[09:12:27] [Client thread/WARN]: Mod ForgeMicroblock is missing the required element 'version' and a version.properties file could not be found. Falling back to metadata version 1.2.0.345
[09:12:27] [Client thread/WARN]: Mod ForgeMultipart is missing the required element 'version' and a version.properties file could not be found. Falling back to metadata version 1.2.0.345
[09:12:27] [Client thread/WARN]: Mod McMultipart is missing the required element 'version' and a version.properties file could not be found. Falling back to metadata version 1.2.0.345
[09:12:27] [Client thread/INFO]: Mod MCFrames is missing the required element 'name'. Substituting MCFrames
[09:12:27] [Client thread/WARN]: Mod MCFrames is missing the required element 'version' and no fallback can be found. Substituting '1.0'.
[09:12:27] [Client thread/WARN]: Mod ForgeRelocation is missing the required element 'version' and a version.properties file could not be found. Falling back to metadata version 0.0.1.4
[09:12:27] [Client thread/WARN]: Mod RelocationFMP is missing the required element 'version' and a version.properties file could not be found. Falling back to metadata version 0.0.1.2
[09:12:27] [Client thread/WARN]: Mod MrTJPCoreMod is missing the required element 'version' and a version.properties file could not be found. Falling back to metadata version 1.1.0.33
[09:12:27] [Client thread/INFO]: Forge Mod Loader has identified 199 mods to load
[09:12:27] [Client thread/INFO]: Found mod(s) [CarpentersBlocks] containing declared API package com.cricketcraft.chisel.api (owned by chisel) without associated API reference
[09:12:27] [Client thread/INFO]: Found mod(s) [EnderIO] containing declared API package com.cricketcraft.chisel.api (owned by chisel) without associated API reference
[09:12:27] [Client thread/INFO]: Found mod(s) [ImmersiveEngineering] containing declared API package cofh.api (owned by CoFHLib) without associated API reference
[09:12:28] [Client thread/WARN]: Mod BiomeTweakerCore has been disabled through configuration
[09:12:28] [Client thread/WARN]: Mod MineFactoryReloaded|CompatAtum has been disabled through configuration
[09:12:28] [Client thread/WARN]: Mod MineFactoryReloaded|CompatBackTools has been disabled through configuration
[09:12:28] [Client thread/WARN]: Mod MineFactoryReloaded|CompatBuildCraft has been disabled through configuration
[09:12:28] [Client thread/WARN]: Mod MineFactoryReloaded|CompatChococraft has been disabled through configuration
[09:12:28] [Client thread/WARN]: Mod MineFactoryReloaded|CompatExtraBiomes has been disabled through configuration
[09:12:28] [Client thread/WARN]: Mod MineFactoryReloaded|CompatProjRed has been disabled through configuration
[09:12:28] [Client thread/WARN]: Mod MineFactoryReloaded|CompatSufficientBiomes has been disabled through configuration
[09:12:28] [Client thread/WARN]: Mod MineFactoryReloaded|CompatThaumcraft has been disabled through configuration
[09:12:28] [Client thread/WARN]: Mod MineFactoryReloaded|CompatTConstruct has been disabled through configuration
[09:12:28] [Client thread/ERROR]: The mod LogisticsPipes (Logistics Pipes) requires mods [BuildCraft|Core, BuildCraft|Silicon, BuildCraft|Transport, BuildCraft|Robotics] to be available
[09:12:28] [Client thread/INFO]: Caught error stitching, removing all assigned resourcepacks
java.lang.NullPointerException
	at lumien.resourceloader.ResourceLoader.insertForcedPack(ResourceLoader.java:36) ~[ResourceLoader.class:?]
	at net.minecraft.client.Minecraft.func_110436_a(Minecraft.java:609) [bao.class:?]
	at cpw.mods.fml.client.FMLClientHandler.beginMinecraftLoading(FMLClientHandler.java:238) [FMLClientHandler.class:?]
	at net.minecraft.client.Minecraft.func_71384_a(Minecraft.java:480) [bao.class:?]
	at net.minecraft.client.Minecraft.func_99999_d(Minecraft.java:878) [bao.class:?]
	at net.minecraft.client.main.Main.main(SourceFile:148) [Main.class:?]
	at sun.reflect.NativeMethodAccessorImpl.invoke0(Native Method) ~[?:1.8.0_51]
	at sun.reflect.NativeMethodAccessorImpl.invoke(NativeMethodAccessorImpl.java:62) ~[?:1.8.0_51]
	at sun.reflect.DelegatingMethodAccessorImpl.invoke(DelegatingMethodAccessorImpl.java:43) ~[?:1.8.0_51]
	at java.lang.reflect.Method.invoke(Method.java:497) ~[?:1.8.0_51]
	at net.minecraft.launchwrapper.Launch.launch(Launch.java:135) [launchwrapper-1.12.jar:?]
	at net.minecraft.launchwrapper.Launch.main(Launch.java:28) [launchwrapper-1.12.jar:?]
[09:12:28] [Client thread/INFO]: Reloading ResourceManager: Default, FMLFileResourcePack:Forge Mod Loader, FMLFileResourcePack:Minecraft Forge, FMLFileResourcePack:Not Enough Items, FMLFileResourcePack:Accidentally Circumstantial Events, FMLFileResourcePack:Additional Pipes, FMLFileResourcePack:AE2 Stuff, FMLFileResourcePack:Aether Legacy Departure, FMLFileResourcePack:AgriCraft, FMLFileResourcePack:AnimationAPI, FMLFileResourcePack:AppleCore, FMLFileResourcePack:Applied Energistics 2, FMLFileResourcePack:Archimedes' Ships, FMLFileResourcePack:asielib, FMLFileResourcePack:Backpacks!, FMLFileResourcePack:BD Lib, FMLFileResourcePack:Better Builder's Wands, FMLFileResourcePack:BiblioCraft, FMLFileResourcePack:BiblioWoods ExtraBiomesXL Edition, FMLFileResourcePack:Binnie Core, FMLFileResourcePack:Botany, FMLFileResourcePack:Extra Trees, FMLFileResourcePack:Genetics, FMLFileResourcePack:Extra Bees, FMLFileResourcePack:BiomeTweaker, FMLFileResourcePack:Blood Magic: Alchemical Wizardry, FMLFileResourcePack:BNBGamingLib, FMLFileResourcePack:Bookshelf, FMLFileResourcePack:Botania, FMLFileResourcePack:Carpenter's Blocks, FMLFileResourcePack:The Spice of Life - Carrot Edition, FMLFileResourcePack:CCLights 2, FMLFileResourcePack:Chance Cubes, FMLFileResourcePack:Chest Transporter, FMLFileResourcePack:Chisel, FMLFileResourcePack:CoFH Core, FMLFileResourcePack:Collective Framework, FMLFileResourcePack:ComputerCraft, FMLFileResourcePack:Computronics, FMLFileResourcePack:Controlling, FMLFileResourcePack:Cooking for Blockheads, FMLFileResourcePack:MineTweaker 3, FMLFileResourcePack:Currency, FMLFileResourcePack:Custom Main Menu, FMLFileResourcePack:CustomNpcs, FMLFileResourcePack:CustomThings, FMLFileResourcePack:DeepResonance, FMLFileResourcePack:debug, FMLFileResourcePack:Dense Ores, FMLFileResourcePack:DimensionalControl, FMLFileResourcePack:Dimensional Doors, FMLFileResourcePack:ElecCore, FMLFileResourcePack:Enchanting Plus, FMLFileResourcePack:EnderCore, FMLFileResourcePack:Ender IO, FMLFileResourcePack:EnderTanks, FMLFileResourcePack:Ender Zoo, FMLFileResourcePack:FoamFix, FMLFileResourcePack:Forestry for Minecraft, FMLFileResourcePack:Fossils and Archeology Revival, FMLFileResourcePack:Galacticraft Core, FMLFileResourcePack:Galacticraft Planets, FMLFileResourcePack:GenDustry, FMLFileResourcePack:Gilded Games Utility, FMLFileResourcePack:§aGliby's§f Voice Chat Mod, FMLFileResourcePack:Growthcraft Milk, FMLFileResourcePack:Growthcraft Bamboo, FMLFileResourcePack:Growthcraft Apples, FMLFileResourcePack:Growthcraft, FMLFileResourcePack:Growthcraft Fishtrap, FMLFileResourcePack:Growthcraft Grapes, FMLFileResourcePack:Growthcraft Hops, FMLFileResourcePack:Growthcraft Rice, FMLFileResourcePack:Growthcraft Bees, FMLFileResourcePack:Growthcraft Cellar, FMLFileResourcePack:Hats, FMLFileResourcePack:Hardcore Questing Mode, FMLFileResourcePack:IndustrialCraft 2 Classic, FMLFileResourcePack:IC2 Classic Detection Helper, FMLFileResourcePack:Nuclear Control 2, FMLFileResourcePack:iChunUtil, FMLFileResourcePack:Immersive Engineering, FMLFileResourcePack:Immersive Integration, FMLFileResourcePack:Immibis Core, FMLFileResourcePack:Immibis's Peripherals, FMLFileResourcePack:Infernal Mobs, FMLFileResourcePack:INpureCore, FMLFileResourcePack:Invasion Mod, FMLFileResourcePack:Inventory Tweaks, FMLFileResourcePack:Iron Chest, FMLFileResourcePack:It's the little things, FMLFileResourcePack:JourneyMap, FMLFileResourcePack:LLibrary, FMLFileResourcePack:Logistics Pipes, FMLFileResourcePack:Magical Crops, FMLFileResourcePack:Magic Bees, FMLFileResourcePack:Mantle, FMLFileResourcePack:Mekanism, FMLFileResourcePack:MekanismTools, FMLFileResourcePack:MineFactory Reloaded, FMLFileResourcePack:MFR Compat: Applied Energistics, FMLFileResourcePack:MFR Compat: Forestry, FMLFileResourcePack:MFR Compat: ForgeMicroblock, FMLFileResourcePack:MFR Compat: IC2, FMLFileResourcePack:MFR Compat: Railcraft, FMLFileResourcePack:MFR Compat: Thermal Expansion, FMLFileResourcePack:MFR Compat: TwilightForest, FMLFileResourcePack:MFR Compat: Vanilla, FMLFileResourcePack:MineTweakerRecipeMaker, FMLFileResourcePack:Mob Properties, FMLFileResourcePack:Mod Tweaker 2, FMLFileResourcePack:More Planets, FMLFileResourcePack:Morpheus, FMLFileResourcePack:Mouse Tweaks, FMLFileResourcePack:Mutant Creatures, FMLFileResourcePack:NEI Addons, FMLFileResourcePack:NEI Addons: Developer Tools, FMLFileResourcePack:NEI Addons: Applied Energistics 2, FMLFileResourcePack:NEI Addons: Botany, FMLFileResourcePack:NEI Addons: Forestry, FMLFileResourcePack:NEI Addons: Crafting Tables, FMLFileResourcePack:NEI Addons: Ex Nihilo, FMLFileResourcePack:NEI Integration, FMLFileResourcePack:Nether Ores, FMLFileResourcePack:Nether Portal Fix, FMLFileResourcePack:OpenBlocks, FMLFileResourcePack:OpenCCSensors, FMLFileResourcePack:OpenMods, FMLFileResourcePack:OpenPeripheralAddons, FMLFileResourcePack:OpenPeripheralCore, FMLFileResourcePack:OpenPeripheralIntegration, FMLFileResourcePack:Pam's Clayspawn, FMLFileResourcePack:Pam's HarvestCraft, FMLFileResourcePack:Peripherals++, FMLFileResourcePack:PortalGun, FMLFileResourcePack:Potion Packs, FMLFileResourcePack:ProjectE, FMLFileResourcePack:ProjectRed Core, FMLFileResourcePack:ProjectRed Compatibility, FMLFileResourcePack:ProjectRed Integration, FMLFileResourcePack:ProjectRed Transmission, FMLFileResourcePack:ProjectRed Illumination, FMLFileResourcePack:ProjectRed Expansion, FMLFileResourcePack:ProjectRed Transportation, FMLFileResourcePack:Railcraft, FMLFileResourcePack:Random Things, FMLFileResourcePack:Resource Loader, FMLFileResourcePack:RFTools, FMLFileResourcePack:Roguelike Dungeons, FMLFileResourcePack:The SecretRoomsMod, FMLFileResourcePack:ShetiPhian-Core, FMLFileResourcePack:Spark's Hammers, FMLFileResourcePack:Storage Drawers, FMLFileResourcePack:Telepads, FMLFileResourcePack:Thermal Dynamics, FMLFileResourcePack:Thermal Expansion, FMLFileResourcePack:Thermal Foundation, FMLFileResourcePack:Twilight Forest Portal Catalyst, FMLFileResourcePack:The Twilight Forest, FMLFileResourcePack:The Vegan Option, FMLFileResourcePack:Vein Miner, FMLFileResourcePack:Mod Support, FMLFileResourcePack:vending, FMLFileResourcePack:Waila, FMLFileResourcePack:Waila Harvestability, FMLFileResourcePack:Witchery, FMLFileResourcePack:WorldEdit, FMLFileResourcePack:WR-CBE Core, FMLFileResourcePack:WR-CBE Addons, FMLFileResourcePack:WR-CBE Logic, FMLFileResourcePack:Ztones, FMLFileResourcePack:bspkrsCore, FMLFileResourcePack:Baubles, FMLFileResourcePack:Forge Microblocks, FMLFileResourcePack:Forge Multipart, FMLFileResourcePack:Minecraft Multipart Plugin, FMLFileResourcePack:MCFrames, FMLFileResourcePack:ForgeRelocation, FMLFileResourcePack:RelocationFMP, FMLFileResourcePack:MrTJPCore
[09:12:28] [Client thread/WARN]: ResourcePack: ignored non-lowercase namespace: alchemicalwizardryBooks in C:\Users\cleve\curseforge\minecraft\Instances\Aidan Is Hard (2)\mods\BloodMagic-1.7.10-1.3.3-17.jar
[09:12:28] [Client thread/WARN]: ResourcePack: ignored non-lowercase namespace: alchemicalwizardryBooks in C:\Users\cleve\curseforge\minecraft\Instances\Aidan Is Hard (2)\mods\BloodMagic-1.7.10-1.3.3-17.jar
[09:12:28] [Client thread/WARN]: ResourcePack: ignored non-lowercase namespace: alchemicalwizardryBooks in C:\Users\cleve\curseforge\minecraft\Instances\Aidan Is Hard (2)\mods\BloodMagic-1.7.10-1.3.3-17.jar
[09:12:28] [Client thread/WARN]: ResourcePack: ignored non-lowercase namespace: alchemicalwizardryBooks in C:\Users\cleve\curseforge\minecraft\Instances\Aidan Is Hard (2)\mods\BloodMagic-1.7.10-1.3.3-17.jar
[09:12:28] [Client thread/WARN]: ResourcePack: ignored non-lowercase namespace: alchemicalwizardryBooks in C:\Users\cleve\curseforge\minecraft\Instances\Aidan Is Hard (2)\mods\BloodMagic-1.7.10-1.3.3-17.jar
[09:12:28] [Client thread/WARN]: ResourcePack: ignored non-lowercase namespace: alchemicalwizardryBooks in C:\Users\cleve\curseforge\minecraft\Instances\Aidan Is Hard (2)\mods\BloodMagic-1.7.10-1.3.3-17.jar
[09:12:29] [Client thread/WARN]: There were errors previously. Not beginning mod initialization phase
[09:12:29] [Client thread/INFO]: Spliced in METHOD: net.minecraft.client.renderer.Tessellator.func_147564_a
[09:12:29] [Client thread/INFO]: [AlphaPassTessellatorCrashFix] Applied transform!
[09:12:29] [Client thread/INFO]: [SoundSystemUnpauseFix] Patch 1/5 applied!
[09:12:29] [Client thread/INFO]: [SoundSystemUnpauseFix] Patch 2/5 applied!
[09:12:29] [Client thread/INFO]: [SoundSystemUnpauseFix] Patch 3/5 applied!
[09:12:29] [Client thread/INFO]: [SoundSystemUnpauseFix] Patch 4/5 applied!
[09:12:29] [Client thread/INFO]: [SoundSystemUnpauseFix] Patch 5/5 applied!
[09:12:29] [Client thread/INFO]: [SoundSystemUnpauseFix] Applied transform!
[09:12:29] [Sound Library Loader/INFO]: [paulscode.sound.SoundSystemLogger:message:69]: 
[09:12:29] [Sound Library Loader/INFO]: [paulscode.sound.SoundSystemLogger:message:69]: Starting up SoundSystem...
[09:12:29] [Thread-7/INFO]: [paulscode.sound.SoundSystemLogger:message:69]: Initializing LWJGL OpenAL
[09:12:29] [Thread-7/INFO]: [paulscode.sound.SoundSystemLogger:message:69]:     (The LWJGL binding of OpenAL.  For more information, see http://www.lwjgl.org)
[09:12:29] [Thread-7/INFO]: [paulscode.sound.SoundSystemLogger:message:69]: OpenAL initialized.
[09:12:29] [Client thread/INFO]: Patching class net/minecraft/client/model/ModelBiped
[09:12:29] [Client thread/INFO]:    Patching method <init>(FFII)V
[09:12:29] [Client thread/INFO]:    Patching method func_78088_a(Lnet/minecraft/entity/Entity;FFFFFF)V
[09:12:29] [Client thread/INFO]:    Patching method func_78087_a(FFFFFFLnet/minecraft/entity/Entity;)V
[09:12:29] [Client thread/INFO]: [micdoodle8.mods.miccore.MicdoodleTransformer:printLog:1992]: Galacticraft successfully injected bytecode into: boh (1 / 1)
[09:12:29] [Sound Library Loader/INFO]: [paulscode.sound.SoundSystemLogger:message:69]: 
[09:12:29] [Sound Library Loader/INFO]: Sound engine started
[09:12:30] [Client thread/INFO]: Patching class net/minecraft/client/renderer/entity/RenderPlayer
[09:12:30] [Client thread/INFO]:    Patching method <init>()V
[09:12:30] [Client thread/INFO]:    Patching method func_82441_a(Lnet/minecraft/entity/player/EntityPlayer;)V
[09:12:30] [Client thread/INFO]: [micdoodle8.mods.miccore.MicdoodleTransformer:printLog:1992]: Galacticraft successfully injected bytecode into: bly (1 / 1)
[09:12:30] [Client thread/INFO]: [micdoodle8.mods.miccore.MicdoodleTransformer:printLog:1992]: Galacticraft successfully injected bytecode into: blt (5 / 5)
[09:12:30] [Client thread/INFO]: Found EntityRenderer Class: net/minecraft/client/renderer/EntityRenderer
[09:12:30] [Client thread/INFO]: Found Render Global Class: net/minecraft/client/renderer/RenderGlobal
[09:12:30] [Client thread/INFO]: Created: 16x16 textures/blocks-atlas
[09:12:30] [Client thread/INFO]: Created: 16x16 textures/items-atlas
[09:12:30] [Client thread/INFO]: [micdoodle8.mods.miccore.MicdoodleTransformer:printLog:1992]: Galacticraft successfully injected bytecode into: bkn (1 / 1)
[09:12:34] [Client thread/INFO]: Stopping!
[09:12:34] [Client thread/INFO]: [paulscode.sound.SoundSystemLogger:message:69]: 
[09:12:34] [Client thread/INFO]: [paulscode.sound.SoundSystemLogger:message:69]: SoundSystem shutting down...
[09:12:34] [Client thread/INFO]: [paulscode.sound.SoundSystemLogger:importantMessage:90]:     Author: Paul Lamb, www.paulscode.com
[09:12:34] [Client thread/INFO]: [paulscode.sound.SoundSystemLogger:message:69]: 
